Analysis & Synthesis report for Clock
Mon Apr 16 13:38:37 2018
Quartus Prime Version 17.1.0 Build 590 10/25/2017 SJ Lite Edition


---------------------
; Table of Contents ;
---------------------
  1. Legal Notice
  2. Analysis & Synthesis Summary
  3. Analysis & Synthesis Settings
  4. Parallel Compilation
  5. Analysis & Synthesis Source Files Read
  6. Analysis & Synthesis Resource Usage Summary
  7. Analysis & Synthesis Resource Utilization by Entity
  8. Registers Removed During Synthesis
  9. General Register Statistics
 10. Inverted Register Statistics
 11. Multiplexer Restructuring Statistics (Restructuring Performed)
 12. Post-Synthesis Netlist Statistics for Top Partition
 13. Elapsed Time Per Partition
 14. Analysis & Synthesis Messages



----------------
; Legal Notice ;
----------------
Copyright (C) 2017  Intel Corporation. All rights reserved.
Your use of Intel Corporation's design tools, logic functions 
and other software and tools, and its AMPP partner logic 
functions, and any output files from any of the foregoing 
(including device programming or simulation files), and any 
associated documentation or information are expressly subject 
to the terms and conditions of the Intel Program License 
Subscription Agreement, the Intel Quartus Prime License Agreement,
the Intel FPGA IP License Agreement, or other applicable license
agreement, including, without limitation, that your use is for
the sole purpose of programming logic devices manufactured by
Intel and sold by Intel or its authorized distributors.  Please
refer to the applicable agreement for further details.



+-------------------------------------------------------------------------------+
; Analysis & Synthesis Summary                                                  ;
+---------------------------------+---------------------------------------------+
; Analysis & Synthesis Status     ; Successful - Mon Apr 16 13:38:37 2018       ;
; Quartus Prime Version           ; 17.1.0 Build 590 10/25/2017 SJ Lite Edition ;
; Revision Name                   ; Clock                                       ;
; Top-level Entity Name           ; clock_board                                 ;
; Family                          ; Cyclone V                                   ;
; Logic utilization (in ALMs)     ; N/A                                         ;
; Total registers                 ; 57                                          ;
; Total pins                      ; 54                                          ;
; Total virtual pins              ; 0                                           ;
; Total block memory bits         ; 0                                           ;
; Total DSP Blocks                ; 0                                           ;
; Total HSSI RX PCSs              ; 0                                           ;
; Total HSSI PMA RX Deserializers ; 0                                           ;
; Total HSSI TX PCSs              ; 0                                           ;
; Total HSSI PMA TX Serializers   ; 0                                           ;
; Total PLLs                      ; 0                                           ;
; Total DLLs                      ; 0                                           ;
+---------------------------------+---------------------------------------------+


+---------------------------------------------------------------------------------------------------------------------------+
; Analysis & Synthesis Settings                                                                                             ;
+---------------------------------------------------------------------------------+--------------------+--------------------+
; Option                                                                          ; Setting            ; Default Value      ;
+---------------------------------------------------------------------------------+--------------------+--------------------+
; Device                                                                          ; 5CSEMA5F31C6       ;                    ;
; Top-level entity name                                                           ; clock_board        ; Clock              ;
; Family name                                                                     ; Cyclone V          ; Cyclone V          ;
; Use smart compilation                                                           ; Off                ; Off                ;
; Enable parallel Assembler and TimeQuest Timing Analyzer during compilation      ; On                 ; On                 ;
; Enable compact report table                                                     ; Off                ; Off                ;
; Restructure Multiplexers                                                        ; Auto               ; Auto               ;
; MLAB Add Timing Constraints For Mixed-Port Feed-Through Mode Setting Don't Care ; Off                ; Off                ;
; Create Debugging Nodes for IP Cores                                             ; Off                ; Off                ;
; Preserve fewer node names                                                       ; On                 ; On                 ;
; Intel FPGA IP Evaluation Mode                                                   ; Enable             ; Enable             ;
; Verilog Version                                                                 ; Verilog_2001       ; Verilog_2001       ;
; VHDL Version                                                                    ; VHDL_1993          ; VHDL_1993          ;
; State Machine Processing                                                        ; Auto               ; Auto               ;
; Safe State Machine                                                              ; Off                ; Off                ;
; Extract Verilog State Machines                                                  ; On                 ; On                 ;
; Extract VHDL State Machines                                                     ; On                 ; On                 ;
; Ignore Verilog initial constructs                                               ; Off                ; Off                ;
; Iteration limit for constant Verilog loops                                      ; 5000               ; 5000               ;
; Iteration limit for non-constant Verilog loops                                  ; 250                ; 250                ;
; Add Pass-Through Logic to Inferred RAMs                                         ; On                 ; On                 ;
; Infer RAMs from Raw Logic                                                       ; On                 ; On                 ;
; Parallel Synthesis                                                              ; On                 ; On                 ;
; DSP Block Balancing                                                             ; Auto               ; Auto               ;
; NOT Gate Push-Back                                                              ; On                 ; On                 ;
; Power-Up Don't Care                                                             ; On                 ; On                 ;
; Remove Redundant Logic Cells                                                    ; Off                ; Off                ;
; Remove Duplicate Registers                                                      ; On                 ; On                 ;
; Ignore CARRY Buffers                                                            ; Off                ; Off                ;
; Ignore CASCADE Buffers                                                          ; Off                ; Off                ;
; Ignore GLOBAL Buffers                                                           ; Off                ; Off                ;
; Ignore ROW GLOBAL Buffers                                                       ; Off                ; Off                ;
; Ignore LCELL Buffers                                                            ; Off                ; Off                ;
; Ignore SOFT Buffers                                                             ; On                 ; On                 ;
; Limit AHDL Integers to 32 Bits                                                  ; Off                ; Off                ;
; Optimization Technique                                                          ; Balanced           ; Balanced           ;
; Carry Chain Length                                                              ; 70                 ; 70                 ;
; Auto Carry Chains                                                               ; On                 ; On                 ;
; Auto Open-Drain Pins                                                            ; On                 ; On                 ;
; Perform WYSIWYG Primitive Resynthesis                                           ; Off                ; Off                ;
; Auto ROM Replacement                                                            ; On                 ; On                 ;
; Auto RAM Replacement                                                            ; On                 ; On                 ;
; Auto DSP Block Replacement                                                      ; On                 ; On                 ;
; Auto Shift Register Replacement                                                 ; Auto               ; Auto               ;
; Allow Shift Register Merging across Hierarchies                                 ; Auto               ; Auto               ;
; Auto Clock Enable Replacement                                                   ; On                 ; On                 ;
; Strict RAM Replacement                                                          ; Off                ; Off                ;
; Allow Synchronous Control Signals                                               ; On                 ; On                 ;
; Force Use of Synchronous Clear Signals                                          ; Off                ; Off                ;
; Auto Resource Sharing                                                           ; Off                ; Off                ;
; Allow Any RAM Size For Recognition                                              ; Off                ; Off                ;
; Allow Any ROM Size For Recognition                                              ; Off                ; Off                ;
; Allow Any Shift Register Size For Recognition                                   ; Off                ; Off                ;
; Use LogicLock Constraints during Resource Balancing                             ; On                 ; On                 ;
; Ignore translate_off and synthesis_off directives                               ; Off                ; Off                ;
; Timing-Driven Synthesis                                                         ; On                 ; On                 ;
; Report Parameter Settings                                                       ; On                 ; On                 ;
; Report Source Assignments                                                       ; On                 ; On                 ;
; Report Connectivity Checks                                                      ; On                 ; On                 ;
; Ignore Maximum Fan-Out Assignments                                              ; Off                ; Off                ;
; Synchronization Register Chain Length                                           ; 3                  ; 3                  ;
; Power Optimization During Synthesis                                             ; Normal compilation ; Normal compilation ;
; HDL message level                                                               ; Level2             ; Level2             ;
; Suppress Register Optimization Related Messages                                 ; Off                ; Off                ;
; Number of Removed Registers Reported in Synthesis Report                        ; 5000               ; 5000               ;
; Number of Swept Nodes Reported in Synthesis Report                              ; 5000               ; 5000               ;
; Number of Inverted Registers Reported in Synthesis Report                       ; 100                ; 100                ;
; Clock MUX Protection                                                            ; On                 ; On                 ;
; Auto Gated Clock Conversion                                                     ; Off                ; Off                ;
; Block Design Naming                                                             ; Auto               ; Auto               ;
; SDC constraint protection                                                       ; Off                ; Off                ;
; Synthesis Effort                                                                ; Auto               ; Auto               ;
; Shift Register Replacement - Allow Asynchronous Clear Signal                    ; On                 ; On                 ;
; Pre-Mapping Resynthesis Optimization                                            ; Off                ; Off                ;
; Analysis & Synthesis Message Level                                              ; Medium             ; Medium             ;
; Disable Register Merging Across Hierarchies                                     ; Auto               ; Auto               ;
; Resource Aware Inference For Block RAM                                          ; On                 ; On                 ;
; Automatic Parallel Synthesis                                                    ; On                 ; On                 ;
; Partial Reconfiguration Bitstream ID                                            ; Off                ; Off                ;
+---------------------------------------------------------------------------------+--------------------+--------------------+


+------------------------------------------+
; Parallel Compilation                     ;
+----------------------------+-------------+
; Processors                 ; Number      ;
+----------------------------+-------------+
; Number detected on machine ; 4           ;
; Maximum allowed            ; 4           ;
;                            ;             ;
; Average used               ; 1.00        ;
; Maximum used               ; 4           ;
;                            ;             ;
; Usage by Processor         ; % Time Used ;
;     Processor 1            ; 100.0%      ;
;     Processor 2            ;   0.0%      ;
;     Processors 3-4         ;   0.0%      ;
+----------------------------+-------------+


+--------------------------------------------------------------------------------------------------------------------------------------------------------+
; Analysis & Synthesis Source Files Read                                                                                                                 ;
+----------------------------------+-----------------+-----------------------+-----------------------------------------------------------------+---------+
; File Name with User-Entered Path ; Used in Netlist ; File Type             ; File Name with Absolute Path                                    ; Library ;
+----------------------------------+-----------------+-----------------------+-----------------------------------------------------------------+---------+
; clock_board.vhd                  ; yes             ; Auto-Found VHDL File  ; /home/ec2015/ra165457/Desktop/MC613/Lab07/Clock/clock_board.vhd ;         ;
; clock.vhd                        ; yes             ; Auto-Found VHDL File  ; /home/ec2015/ra165457/Desktop/MC613/Lab07/Clock/clock.vhd       ;         ;
; clk_div.vhd                      ; yes             ; Auto-Found VHDL File  ; /home/ec2015/ra165457/Desktop/MC613/Lab07/Clock/clk_div.vhd     ;         ;
; contador.vhd                     ; yes             ; Auto-Found VHDL File  ; /home/ec2015/ra165457/Desktop/MC613/Lab07/Clock/contador.vhd    ;         ;
; confere_set.vhd                  ; yes             ; Auto-Found VHDL File  ; /home/ec2015/ra165457/Desktop/MC613/Lab07/Clock/confere_set.vhd ;         ;
; bin2hex.vhd                      ; yes             ; Auto-Found VHDL File  ; /home/ec2015/ra165457/Desktop/MC613/Lab07/Clock/bin2hex.vhd     ;         ;
+----------------------------------+-----------------+-----------------------+-----------------------------------------------------------------+---------+


+--------------------------------------------------------------+
; Analysis & Synthesis Resource Usage Summary                  ;
+---------------------------------------------+----------------+
; Resource                                    ; Usage          ;
+---------------------------------------------+----------------+
; Estimate of Logic utilization (ALMs needed) ; 90             ;
;                                             ;                ;
; Combinational ALUT usage for logic          ; 142            ;
;     -- 7 input functions                    ; 1              ;
;     -- 6 input functions                    ; 37             ;
;     -- 5 input functions                    ; 6              ;
;     -- 4 input functions                    ; 53             ;
;     -- <=3 input functions                  ; 45             ;
;                                             ;                ;
; Dedicated logic registers                   ; 57             ;
;                                             ;                ;
; I/O pins                                    ; 54             ;
;                                             ;                ;
; Total DSP Blocks                            ; 0              ;
;                                             ;                ;
; Maximum fan-out node                        ; CLOCK_50~input ;
; Maximum fan-out                             ; 57             ;
; Total fan-out                               ; 829            ;
; Average fan-out                             ; 2.70           ;
+---------------------------------------------+----------------+


+-------------------------------------------------------------------------------------------------------------------------------------------------------------------------------------------------------------------------------------------------------------------------------+
; Analysis & Synthesis Resource Utilization by Entity                                                                                                                                                                                                                           ;
+---------------------------------------------+---------------------+---------------------------+-------------------+------------+------+--------------+-------------------------------------------------------------------------------------------+-------------+--------------+
; Compilation Hierarchy Node                  ; Combinational ALUTs ; Dedicated Logic Registers ; Block Memory Bits ; DSP Blocks ; Pins ; Virtual Pins ; Full Hierarchy Name                                                                       ; Entity Name ; Library Name ;
+---------------------------------------------+---------------------+---------------------------+-------------------+------------+------+--------------+-------------------------------------------------------------------------------------------+-------------+--------------+
; |clock_board                                ; 142 (0)             ; 57 (0)                    ; 0                 ; 0          ; 54   ; 0            ; |clock_board                                                                              ; clock_board ; work         ;
;    |clock:clock_inst|                       ; 142 (0)             ; 57 (0)                    ; 0                 ; 0          ; 0    ; 0            ; |clock_board|clock:clock_inst                                                             ; clock       ; work         ;
;       |bin2hex:bin2hex_hour_dec|            ; 7 (7)               ; 0 (0)                     ; 0                 ; 0          ; 0    ; 0            ; |clock_board|clock:clock_inst|bin2hex:bin2hex_hour_dec                                    ; bin2hex     ; work         ;
;       |bin2hex:bin2hex_hour_un|             ; 7 (7)               ; 0 (0)                     ; 0                 ; 0          ; 0    ; 0            ; |clock_board|clock:clock_inst|bin2hex:bin2hex_hour_un                                     ; bin2hex     ; work         ;
;       |bin2hex:bin2hex_min_dec|             ; 7 (7)               ; 0 (0)                     ; 0                 ; 0          ; 0    ; 0            ; |clock_board|clock:clock_inst|bin2hex:bin2hex_min_dec                                     ; bin2hex     ; work         ;
;       |bin2hex:bin2hex_min_un|              ; 7 (7)               ; 0 (0)                     ; 0                 ; 0          ; 0    ; 0            ; |clock_board|clock:clock_inst|bin2hex:bin2hex_min_un                                      ; bin2hex     ; work         ;
;       |bin2hex:bin2hex_sec_dec|             ; 7 (7)               ; 0 (0)                     ; 0                 ; 0          ; 0    ; 0            ; |clock_board|clock:clock_inst|bin2hex:bin2hex_sec_dec                                     ; bin2hex     ; work         ;
;       |bin2hex:bin2hex_sec_un|              ; 7 (7)               ; 0 (0)                     ; 0                 ; 0          ; 0    ; 0            ; |clock_board|clock:clock_inst|bin2hex:bin2hex_sec_un                                      ; bin2hex     ; work         ;
;       |clk_div:clock_divider|               ; 43 (43)             ; 33 (33)                   ; 0                 ; 0          ; 0    ; 0            ; |clock_board|clock:clock_inst|clk_div:clock_divider                                       ; clk_div     ; work         ;
;       |contador:contador_instance|          ; 57 (53)             ; 24 (24)                   ; 0                 ; 0          ; 0    ; 0            ; |clock_board|clock:clock_inst|contador:contador_instance                                  ; contador    ; work         ;
;          |confere_set:confere_set_instance| ; 4 (4)               ; 0 (0)                     ; 0                 ; 0          ; 0    ; 0            ; |clock_board|clock:clock_inst|contador:contador_instance|confere_set:confere_set_instance ; confere_set ; work         ;
+---------------------------------------------+---------------------+---------------------------+-------------------+------------+------+--------------+-------------------------------------------------------------------------------------------+-------------+--------------+
Note: For table entries with two numbers listed, the numbers in parentheses indicate the number of resources of the given type used by the specific entity alone. The numbers listed outside of parentheses indicate the total resources of the given type used by the specific entity and all of its sub-entities in the hierarchy.


+-----------------------------------------------------------------------------------------------------------------------------------+
; Registers Removed During Synthesis                                                                                                ;
+-------------------------------------------------------------+---------------------------------------------------------------------+
; Register name                                               ; Reason for Removal                                                  ;
+-------------------------------------------------------------+---------------------------------------------------------------------+
; clock:clock_inst|contador:contador_instance|hour_dec_aux[3] ; Merged with clock:clock_inst|contador:contador_instance|hour_dec[3] ;
; clock:clock_inst|contador:contador_instance|hour_dec_aux[2] ; Merged with clock:clock_inst|contador:contador_instance|hour_dec[2] ;
; clock:clock_inst|contador:contador_instance|hour_dec_aux[1] ; Merged with clock:clock_inst|contador:contador_instance|hour_dec[1] ;
; clock:clock_inst|contador:contador_instance|hour_dec_aux[0] ; Merged with clock:clock_inst|contador:contador_instance|hour_dec[0] ;
; clock:clock_inst|contador:contador_instance|hour_un_aux[3]  ; Merged with clock:clock_inst|contador:contador_instance|hour_un[3]  ;
; clock:clock_inst|contador:contador_instance|hour_un_aux[2]  ; Merged with clock:clock_inst|contador:contador_instance|hour_un[2]  ;
; clock:clock_inst|contador:contador_instance|hour_un_aux[1]  ; Merged with clock:clock_inst|contador:contador_instance|hour_un[1]  ;
; clock:clock_inst|contador:contador_instance|hour_un_aux[0]  ; Merged with clock:clock_inst|contador:contador_instance|hour_un[0]  ;
; clock:clock_inst|contador:contador_instance|min_dec_aux[3]  ; Merged with clock:clock_inst|contador:contador_instance|min_dec[3]  ;
; clock:clock_inst|contador:contador_instance|min_dec_aux[2]  ; Merged with clock:clock_inst|contador:contador_instance|min_dec[2]  ;
; clock:clock_inst|contador:contador_instance|min_dec_aux[1]  ; Merged with clock:clock_inst|contador:contador_instance|min_dec[1]  ;
; clock:clock_inst|contador:contador_instance|min_dec_aux[0]  ; Merged with clock:clock_inst|contador:contador_instance|min_dec[0]  ;
; clock:clock_inst|contador:contador_instance|min_un_aux[3]   ; Merged with clock:clock_inst|contador:contador_instance|min_un[3]   ;
; clock:clock_inst|contador:contador_instance|min_un_aux[2]   ; Merged with clock:clock_inst|contador:contador_instance|min_un[2]   ;
; clock:clock_inst|contador:contador_instance|min_un_aux[1]   ; Merged with clock:clock_inst|contador:contador_instance|min_un[1]   ;
; clock:clock_inst|contador:contador_instance|min_un_aux[0]   ; Merged with clock:clock_inst|contador:contador_instance|min_un[0]   ;
; clock:clock_inst|contador:contador_instance|sec_dec_aux[3]  ; Merged with clock:clock_inst|contador:contador_instance|sec_dec[3]  ;
; clock:clock_inst|contador:contador_instance|sec_dec_aux[2]  ; Merged with clock:clock_inst|contador:contador_instance|sec_dec[2]  ;
; clock:clock_inst|contador:contador_instance|sec_dec_aux[1]  ; Merged with clock:clock_inst|contador:contador_instance|sec_dec[1]  ;
; clock:clock_inst|contador:contador_instance|sec_dec_aux[0]  ; Merged with clock:clock_inst|contador:contador_instance|sec_dec[0]  ;
; clock:clock_inst|contador:contador_instance|sec_un_aux[3]   ; Merged with clock:clock_inst|contador:contador_instance|sec_un[3]   ;
; clock:clock_inst|contador:contador_instance|sec_un_aux[2]   ; Merged with clock:clock_inst|contador:contador_instance|sec_un[2]   ;
; clock:clock_inst|contador:contador_instance|sec_un_aux[1]   ; Merged with clock:clock_inst|contador:contador_instance|sec_un[1]   ;
; clock:clock_inst|contador:contador_instance|sec_un_aux[0]   ; Merged with clock:clock_inst|contador:contador_instance|sec_un[0]   ;
; Total Number of Removed Registers = 24                      ;                                                                     ;
+-------------------------------------------------------------+---------------------------------------------------------------------+


+------------------------------------------------------+
; General Register Statistics                          ;
+----------------------------------------------+-------+
; Statistic                                    ; Value ;
+----------------------------------------------+-------+
; Total registers                              ; 57    ;
; Number of registers using Synchronous Clear  ; 31    ;
; Number of registers using Synchronous Load   ; 0     ;
; Number of registers using Asynchronous Clear ; 0     ;
; Number of registers using Asynchronous Load  ; 0     ;
; Number of registers using Clock Enable       ; 20    ;
; Number of registers using Preset             ; 0     ;
+----------------------------------------------+-------+


+-------------------------------------------------------------+
; Inverted Register Statistics                                ;
+---------------------------------------------------+---------+
; Inverted Register                                 ; Fan out ;
+---------------------------------------------------+---------+
; clock:clock_inst|clk_div:clock_divider|counter[0] ; 1       ;
; Total number of inverted registers = 1            ;         ;
+---------------------------------------------------+---------+


+------------------------------------------------------------------------------------------------------------------------------------------------------------------------------------+
; Multiplexer Restructuring Statistics (Restructuring Performed)                                                                                                                     ;
+--------------------+-----------+---------------+----------------------+------------------------+------------+----------------------------------------------------------------------+
; Multiplexer Inputs ; Bus Width ; Baseline Area ; Area if Restructured ; Saving if Restructured ; Registered ; Example Multiplexer Output                                           ;
+--------------------+-----------+---------------+----------------------+------------------------+------------+----------------------------------------------------------------------+
; 4:1                ; 4 bits    ; 8 LEs         ; 8 LEs                ; 0 LEs                  ; Yes        ; |clock_board|clock:clock_inst|contador:contador_instance|sec_un[0]   ;
; 4:1                ; 4 bits    ; 8 LEs         ; 8 LEs                ; 0 LEs                  ; Yes        ; |clock_board|clock:clock_inst|contador:contador_instance|sec_dec[3]  ;
; 4:1                ; 4 bits    ; 8 LEs         ; 8 LEs                ; 0 LEs                  ; Yes        ; |clock_board|clock:clock_inst|contador:contador_instance|min_un[0]   ;
; 4:1                ; 4 bits    ; 8 LEs         ; 8 LEs                ; 0 LEs                  ; Yes        ; |clock_board|clock:clock_inst|contador:contador_instance|min_dec[0]  ;
; 5:1                ; 4 bits    ; 12 LEs        ; 8 LEs                ; 4 LEs                  ; Yes        ; |clock_board|clock:clock_inst|contador:contador_instance|hour_dec[2] ;
; 5:1                ; 4 bits    ; 12 LEs        ; 8 LEs                ; 4 LEs                  ; Yes        ; |clock_board|clock:clock_inst|contador:contador_instance|hour_un[0]  ;
+--------------------+-----------+---------------+----------------------+------------------------+------------+----------------------------------------------------------------------+


+-----------------------------------------------------+
; Post-Synthesis Netlist Statistics for Top Partition ;
+-----------------------+-----------------------------+
; Type                  ; Count                       ;
+-----------------------+-----------------------------+
; arriav_ff             ; 57                          ;
;     ENA               ; 20                          ;
;     SCLR              ; 31                          ;
;     plain             ; 6                           ;
; arriav_lcell_comb     ; 148                         ;
;     arith             ; 32                          ;
;         1 data inputs ; 32                          ;
;     extend            ; 1                           ;
;         7 data inputs ; 1                           ;
;     normal            ; 115                         ;
;         1 data inputs ; 6                           ;
;         2 data inputs ; 5                           ;
;         3 data inputs ; 8                           ;
;         4 data inputs ; 53                          ;
;         5 data inputs ; 6                           ;
;         6 data inputs ; 37                          ;
; boundary_port         ; 54                          ;
;                       ;                             ;
; Max LUT depth         ; 6.60                        ;
; Average LUT depth     ; 3.71                        ;
+-----------------------+-----------------------------+


+-------------------------------+
; Elapsed Time Per Partition    ;
+----------------+--------------+
; Partition Name ; Elapsed Time ;
+----------------+--------------+
; Top            ; 00:00:00     ;
+----------------+--------------+


+-------------------------------+
; Analysis & Synthesis Messages ;
+-------------------------------+
Info: *******************************************************************
Info: Running Quartus Prime Analysis & Synthesis
    Info: Version 17.1.0 Build 590 10/25/2017 SJ Lite Edition
    Info: Processing started: Mon Apr 16 13:38:26 2018
Info: Command: quartus_map --read_settings_files=on --write_settings_files=off Clock -c Clock
Warning (18236): Number of processors has not been specified which may cause overloading on shared machines.  Set the global assignment NUM_PARALLEL_PROCESSORS in your QSF to an appropriate value for best performance.
Info (20030): Parallel compilation is enabled and will use 4 of the 4 processors detected
Warning (12019): Can't analyze file -- file contador.vhdl is missing
Warning (12019): Can't analyze file -- file transf_5bits_8bits.vhdl is missing
Info (12021): Found 2 design units, including 1 entities, in source file transf_8bits_5bits.vhd
    Info (12022): Found design unit 1: transf_8bits_5bits-Behavior File: /home/ec2015/ra165457/Desktop/MC613/Lab07/Clock/transf_8bits_5bits.vhd Line: 10
    Info (12023): Found entity 1: transf_8bits_5bits File: /home/ec2015/ra165457/Desktop/MC613/Lab07/Clock/transf_8bits_5bits.vhd Line: 5
Warning (12019): Can't analyze file -- file output_files/confere_set.vhd is missing
Warning (12125): Using design file clock_board.vhd, which is not specified as a design file for the current project, but contains definitions for 2 design units and 1 entities in project
    Info (12022): Found design unit 1: clock_board-rtl File: /home/ec2015/ra165457/Desktop/MC613/Lab07/Clock/clock_board.vhd Line: 13
    Info (12023): Found entity 1: clock_board File: /home/ec2015/ra165457/Desktop/MC613/Lab07/Clock/clock_board.vhd Line: 4
Info (12127): Elaborating entity "clock_board" for the top level hierarchy
Warning (12125): Using design file clock.vhd, which is not specified as a design file for the current project, but contains definitions for 2 design units and 1 entities in project
    Info (12022): Found design unit 1: clock-rtl File: /home/ec2015/ra165457/Desktop/MC613/Lab07/Clock/clock.vhd Line: 18
    Info (12023): Found entity 1: clock File: /home/ec2015/ra165457/Desktop/MC613/Lab07/Clock/clock.vhd Line: 4
Info (12128): Elaborating entity "clock" for hierarchy "clock:clock_inst" File: /home/ec2015/ra165457/Desktop/MC613/Lab07/Clock/clock_board.vhd Line: 29
Warning (12125): Using design file clk_div.vhd, which is not specified as a design file for the current project, but contains definitions for 2 design units and 1 entities in project
    Info (12022): Found design unit 1: clk_div-behavioral File: /home/ec2015/ra165457/Desktop/MC613/Lab07/Clock/clk_div.vhd Line: 11
    Info (12023): Found entity 1: clk_div File: /home/ec2015/ra165457/Desktop/MC613/Lab07/Clock/clk_div.vhd Line: 4
Info (12128): Elaborating entity "clk_div" for hierarchy "clock:clock_inst|clk_div:clock_divider" File: /home/ec2015/ra165457/Desktop/MC613/Lab07/Clock/clock.vhd Line: 46
Warning (12125): Using design file contador.vhd, which is not specified as a design file for the current project, but contains definitions for 2 design units and 1 entities in project
    Info (12022): Found design unit 1: contador-Behavior File: /home/ec2015/ra165457/Desktop/MC613/Lab07/Clock/contador.vhd Line: 11
    Info (12023): Found entity 1: contador File: /home/ec2015/ra165457/Desktop/MC613/Lab07/Clock/contador.vhd Line: 5
Info (12128): Elaborating entity "contador" for hierarchy "clock:clock_inst|contador:contador_instance" File: /home/ec2015/ra165457/Desktop/MC613/Lab07/Clock/clock.vhd Line: 48
Warning (12125): Using design file confere_set.vhd, which is not specified as a design file for the current project, but contains definitions for 2 design units and 1 entities in project
    Info (12022): Found design unit 1: confere_set-Behavior File: /home/ec2015/ra165457/Desktop/MC613/Lab07/Clock/confere_set.vhd Line: 11
    Info (12023): Found entity 1: confere_set File: /home/ec2015/ra165457/Desktop/MC613/Lab07/Clock/confere_set.vhd Line: 5
Info (12128): Elaborating entity "confere_set" for hierarchy "clock:clock_inst|contador:contador_instance|confere_set:confere_set_instance" File: /home/ec2015/ra165457/Desktop/MC613/Lab07/Clock/contador.vhd Line: 24
Warning (12125): Using design file bin2hex.vhd, which is not specified as a design file for the current project, but contains definitions for 2 design units and 1 entities in project
    Info (12022): Found design unit 1: bin2hex-LogicFunction File: /home/ec2015/ra165457/Desktop/MC613/Lab07/Clock/bin2hex.vhd Line: 11
    Info (12023): Found entity 1: bin2hex File: /home/ec2015/ra165457/Desktop/MC613/Lab07/Clock/bin2hex.vhd Line: 4
Info (12128): Elaborating entity "bin2hex" for hierarchy "clock:clock_inst|bin2hex:bin2hex_sec_un" File: /home/ec2015/ra165457/Desktop/MC613/Lab07/Clock/clock.vhd Line: 52
Info (286030): Timing-Driven Synthesis is running
Info (16010): Generating hard_block partition "hard_block:auto_generated_inst"
    Info (16011): Adding 0 node(s), including 0 DDIO, 0 PLL, 0 transceiver and 0 LCELL
Info (21057): Implemented 228 device resources after synthesis - the final resource count might be different
    Info (21058): Implemented 12 input pins
    Info (21059): Implemented 42 output pins
    Info (21061): Implemented 174 logic cells
Info: Quartus Prime Analysis & Synthesis was successful. 0 errors, 10 warnings
    Info: Peak virtual memory: 1182 megabytes
    Info: Processing ended: Mon Apr 16 13:38:37 2018
    Info: Elapsed time: 00:00:11
    Info: Total CPU time (on all processors): 00:00:21


