Analysis & Synthesis report for Latches
Tue Apr  3 14:58:42 2018
Quartus Prime Version 17.1.0 Build 590 10/25/2017 SJ Lite Edition


---------------------
; Table of Contents ;
---------------------
  1. Legal Notice
  2. Analysis & Synthesis Summary
  3. Analysis & Synthesis Settings
  4. Parallel Compilation
  5. Analysis & Synthesis Source Files Read
  6. Analysis & Synthesis Resource Usage Summary
  7. Analysis & Synthesis Resource Utilization by Entity
  8. User-Specified and Inferred Latches
  9. General Register Statistics
 10. Port Connectivity Checks: "ff_t:lff6"
 11. Port Connectivity Checks: "ff_jk:lff5"
 12. Port Connectivity Checks: "ff_d:lff4"
 13. Port Connectivity Checks: "latch_d_gated:lff3"
 14. Port Connectivity Checks: "latch_sr_gated:lff2"
 15. Port Connectivity Checks: "latch_sr_nand:lff1"
 16. Post-Synthesis Netlist Statistics for Top Partition
 17. Elapsed Time Per Partition
 18. Analysis & Synthesis Messages



----------------
; Legal Notice ;
----------------
Copyright (C) 2017  Intel Corporation. All rights reserved.
Your use of Intel Corporation's design tools, logic functions 
and other software and tools, and its AMPP partner logic 
functions, and any output files from any of the foregoing 
(including device programming or simulation files), and any 
associated documentation or information are expressly subject 
to the terms and conditions of the Intel Program License 
Subscription Agreement, the Intel Quartus Prime License Agreement,
the Intel FPGA IP License Agreement, or other applicable license
agreement, including, without limitation, that your use is for
the sole purpose of programming logic devices manufactured by
Intel and sold by Intel or its authorized distributors.  Please
refer to the applicable agreement for further details.



+-------------------------------------------------------------------------------+
; Analysis & Synthesis Summary                                                  ;
+---------------------------------+---------------------------------------------+
; Analysis & Synthesis Status     ; Successful - Tue Apr  3 14:58:42 2018       ;
; Quartus Prime Version           ; 17.1.0 Build 590 10/25/2017 SJ Lite Edition ;
; Revision Name                   ; Latches                                     ;
; Top-level Entity Name           ; latches_ffs                                 ;
; Family                          ; Cyclone V                                   ;
; Logic utilization (in ALMs)     ; N/A                                         ;
; Total registers                 ; 5                                           ;
; Total pins                      ; 11                                          ;
; Total virtual pins              ; 0                                           ;
; Total block memory bits         ; 0                                           ;
; Total DSP Blocks                ; 0                                           ;
; Total HSSI RX PCSs              ; 0                                           ;
; Total HSSI PMA RX Deserializers ; 0                                           ;
; Total HSSI TX PCSs              ; 0                                           ;
; Total HSSI PMA TX Serializers   ; 0                                           ;
; Total PLLs                      ; 0                                           ;
; Total DLLs                      ; 0                                           ;
+---------------------------------+---------------------------------------------+


+---------------------------------------------------------------------------------------------------------------------------+
; Analysis & Synthesis Settings                                                                                             ;
+---------------------------------------------------------------------------------+--------------------+--------------------+
; Option                                                                          ; Setting            ; Default Value      ;
+---------------------------------------------------------------------------------+--------------------+--------------------+
; Device                                                                          ; 5CSEMA5F31C6       ;                    ;
; Top-level entity name                                                           ; latches_ffs        ; Latches            ;
; Family name                                                                     ; Cyclone V          ; Cyclone V          ;
; Use smart compilation                                                           ; Off                ; Off                ;
; Enable parallel Assembler and TimeQuest Timing Analyzer during compilation      ; On                 ; On                 ;
; Enable compact report table                                                     ; Off                ; Off                ;
; Restructure Multiplexers                                                        ; Auto               ; Auto               ;
; MLAB Add Timing Constraints For Mixed-Port Feed-Through Mode Setting Don't Care ; Off                ; Off                ;
; Create Debugging Nodes for IP Cores                                             ; Off                ; Off                ;
; Preserve fewer node names                                                       ; On                 ; On                 ;
; Intel FPGA IP Evaluation Mode                                                   ; Enable             ; Enable             ;
; Verilog Version                                                                 ; Verilog_2001       ; Verilog_2001       ;
; VHDL Version                                                                    ; VHDL_1993          ; VHDL_1993          ;
; State Machine Processing                                                        ; Auto               ; Auto               ;
; Safe State Machine                                                              ; Off                ; Off                ;
; Extract Verilog State Machines                                                  ; On                 ; On                 ;
; Extract VHDL State Machines                                                     ; On                 ; On                 ;
; Ignore Verilog initial constructs                                               ; Off                ; Off                ;
; Iteration limit for constant Verilog loops                                      ; 5000               ; 5000               ;
; Iteration limit for non-constant Verilog loops                                  ; 250                ; 250                ;
; Add Pass-Through Logic to Inferred RAMs                                         ; On                 ; On                 ;
; Infer RAMs from Raw Logic                                                       ; On                 ; On                 ;
; Parallel Synthesis                                                              ; On                 ; On                 ;
; DSP Block Balancing                                                             ; Auto               ; Auto               ;
; NOT Gate Push-Back                                                              ; On                 ; On                 ;
; Power-Up Don't Care                                                             ; On                 ; On                 ;
; Remove Redundant Logic Cells                                                    ; Off                ; Off                ;
; Remove Duplicate Registers                                                      ; On                 ; On                 ;
; Ignore CARRY Buffers                                                            ; Off                ; Off                ;
; Ignore CASCADE Buffers                                                          ; Off                ; Off                ;
; Ignore GLOBAL Buffers                                                           ; Off                ; Off                ;
; Ignore ROW GLOBAL Buffers                                                       ; Off                ; Off                ;
; Ignore LCELL Buffers                                                            ; Off                ; Off                ;
; Ignore SOFT Buffers                                                             ; On                 ; On                 ;
; Limit AHDL Integers to 32 Bits                                                  ; Off                ; Off                ;
; Optimization Technique                                                          ; Balanced           ; Balanced           ;
; Carry Chain Length                                                              ; 70                 ; 70                 ;
; Auto Carry Chains                                                               ; On                 ; On                 ;
; Auto Open-Drain Pins                                                            ; On                 ; On                 ;
; Perform WYSIWYG Primitive Resynthesis                                           ; Off                ; Off                ;
; Auto ROM Replacement                                                            ; On                 ; On                 ;
; Auto RAM Replacement                                                            ; On                 ; On                 ;
; Auto DSP Block Replacement                                                      ; On                 ; On                 ;
; Auto Shift Register Replacement                                                 ; Auto               ; Auto               ;
; Allow Shift Register Merging across Hierarchies                                 ; Auto               ; Auto               ;
; Auto Clock Enable Replacement                                                   ; On                 ; On                 ;
; Strict RAM Replacement                                                          ; Off                ; Off                ;
; Allow Synchronous Control Signals                                               ; On                 ; On                 ;
; Force Use of Synchronous Clear Signals                                          ; Off                ; Off                ;
; Auto Resource Sharing                                                           ; Off                ; Off                ;
; Allow Any RAM Size For Recognition                                              ; Off                ; Off                ;
; Allow Any ROM Size For Recognition                                              ; Off                ; Off                ;
; Allow Any Shift Register Size For Recognition                                   ; Off                ; Off                ;
; Use LogicLock Constraints during Resource Balancing                             ; On                 ; On                 ;
; Ignore translate_off and synthesis_off directives                               ; Off                ; Off                ;
; Timing-Driven Synthesis                                                         ; On                 ; On                 ;
; Report Parameter Settings                                                       ; On                 ; On                 ;
; Report Source Assignments                                                       ; On                 ; On                 ;
; Report Connectivity Checks                                                      ; On                 ; On                 ;
; Ignore Maximum Fan-Out Assignments                                              ; Off                ; Off                ;
; Synchronization Register Chain Length                                           ; 3                  ; 3                  ;
; Power Optimization During Synthesis                                             ; Normal compilation ; Normal compilation ;
; HDL message level                                                               ; Level2             ; Level2             ;
; Suppress Register Optimization Related Messages                                 ; Off                ; Off                ;
; Number of Removed Registers Reported in Synthesis Report                        ; 5000               ; 5000               ;
; Number of Swept Nodes Reported in Synthesis Report                              ; 5000               ; 5000               ;
; Number of Inverted Registers Reported in Synthesis Report                       ; 100                ; 100                ;
; Clock MUX Protection                                                            ; On                 ; On                 ;
; Auto Gated Clock Conversion                                                     ; Off                ; Off                ;
; Block Design Naming                                                             ; Auto               ; Auto               ;
; SDC constraint protection                                                       ; Off                ; Off                ;
; Synthesis Effort                                                                ; Auto               ; Auto               ;
; Shift Register Replacement - Allow Asynchronous Clear Signal                    ; On                 ; On                 ;
; Pre-Mapping Resynthesis Optimization                                            ; Off                ; Off                ;
; Analysis & Synthesis Message Level                                              ; Medium             ; Medium             ;
; Disable Register Merging Across Hierarchies                                     ; Auto               ; Auto               ;
; Resource Aware Inference For Block RAM                                          ; On                 ; On                 ;
; Automatic Parallel Synthesis                                                    ; On                 ; On                 ;
; Partial Reconfiguration Bitstream ID                                            ; Off                ; Off                ;
+---------------------------------------------------------------------------------+--------------------+--------------------+


+------------------------------------------+
; Parallel Compilation                     ;
+----------------------------+-------------+
; Processors                 ; Number      ;
+----------------------------+-------------+
; Number detected on machine ; 4           ;
; Maximum allowed            ; 4           ;
;                            ;             ;
; Average used               ; 1.00        ;
; Maximum used               ; 4           ;
;                            ;             ;
; Usage by Processor         ; % Time Used ;
;     Processor 1            ; 100.0%      ;
;     Processor 2            ;   0.0%      ;
;     Processors 3-4         ;   0.0%      ;
+----------------------------+-------------+


+---------------------------------------------------------------------------------------------------------------------------------------------------------------+
; Analysis & Synthesis Source Files Read                                                                                                                        ;
+----------------------------------+-----------------+-----------------------+------------------------------------------------------------------------+---------+
; File Name with User-Entered Path ; Used in Netlist ; File Type             ; File Name with Absolute Path                                           ; Library ;
+----------------------------------+-----------------+-----------------------+------------------------------------------------------------------------+---------+
; latch_sr_nand.vhd                ; yes             ; User VHDL File        ; /home/ec2015/ra165457/Desktop/MC613/Lab06/Latches/latch_sr_nand.vhd    ;         ;
; latch_sr_gated.vhd               ; yes             ; User VHDL File        ; /home/ec2015/ra165457/Desktop/MC613/Lab06/Latches/latch_sr_gated.vhd   ;         ;
; latch_d_gated.vhd                ; yes             ; User VHDL File        ; /home/ec2015/ra165457/Desktop/MC613/Lab06/Latches/latch_d_gated.vhd    ;         ;
; ff_d.vhd                         ; yes             ; User VHDL File        ; /home/ec2015/ra165457/Desktop/MC613/Lab06/Latches/ff_d.vhd             ;         ;
; ff_jk.vhd                        ; yes             ; User VHDL File        ; /home/ec2015/ra165457/Desktop/MC613/Lab06/Latches/ff_jk.vhd            ;         ;
; ff_t.vhd                         ; yes             ; User VHDL File        ; /home/ec2015/ra165457/Desktop/MC613/Lab06/Latches/ff_t.vhd             ;         ;
; latches_ffs_pack.vhd             ; yes             ; User VHDL File        ; /home/ec2015/ra165457/Desktop/MC613/Lab06/Latches/latches_ffs_pack.vhd ;         ;
; latches_ffs.vhd                  ; yes             ; Auto-Found VHDL File  ; /home/ec2015/ra165457/Desktop/MC613/Lab06/Latches/latches_ffs.vhd      ;         ;
+----------------------------------+-----------------+-----------------------+------------------------------------------------------------------------+---------+


+-------------------------------------------------------+
; Analysis & Synthesis Resource Usage Summary           ;
+---------------------------------------------+---------+
; Resource                                    ; Usage   ;
+---------------------------------------------+---------+
; Estimate of Logic utilization (ALMs needed) ; 5       ;
;                                             ;         ;
; Combinational ALUT usage for logic          ; 9       ;
;     -- 7 input functions                    ; 0       ;
;     -- 6 input functions                    ; 0       ;
;     -- 5 input functions                    ; 1       ;
;     -- 4 input functions                    ; 1       ;
;     -- <=3 input functions                  ; 7       ;
;                                             ;         ;
; Dedicated logic registers                   ; 5       ;
;                                             ;         ;
; I/O pins                                    ; 11      ;
;                                             ;         ;
; Total DSP Blocks                            ; 0       ;
;                                             ;         ;
; Maximum fan-out node                        ; A~input ;
; Maximum fan-out                             ; 8       ;
; Total fan-out                               ; 56      ;
; Average fan-out                             ; 1.56    ;
+---------------------------------------------+---------+


+--------------------------------------------------------------------------------------------------------------------------------------------------------------------------------------------------------+
; Analysis & Synthesis Resource Utilization by Entity                                                                                                                                                    ;
+----------------------------+---------------------+---------------------------+-------------------+------------+------+--------------+----------------------------------+----------------+--------------+
; Compilation Hierarchy Node ; Combinational ALUTs ; Dedicated Logic Registers ; Block Memory Bits ; DSP Blocks ; Pins ; Virtual Pins ; Full Hierarchy Name              ; Entity Name    ; Library Name ;
+----------------------------+---------------------+---------------------------+-------------------+------------+------+--------------+----------------------------------+----------------+--------------+
; |latches_ffs               ; 9 (0)               ; 5 (0)                     ; 0                 ; 0          ; 11   ; 0            ; |latches_ffs                     ; latches_ffs    ; work         ;
;    |ff_d:lff4|             ; 1 (1)               ; 1 (1)                     ; 0                 ; 0          ; 0    ; 0            ; |latches_ffs|ff_d:lff4           ; ff_d           ; work         ;
;    |ff_jk:lff5|            ; 1 (1)               ; 2 (2)                     ; 0                 ; 0          ; 0    ; 0            ; |latches_ffs|ff_jk:lff5          ; ff_jk          ; work         ;
;    |ff_t:lff6|             ; 1 (1)               ; 2 (2)                     ; 0                 ; 0          ; 0    ; 0            ; |latches_ffs|ff_t:lff6           ; ff_t           ; work         ;
;    |latch_d_gated:lff3|    ; 1 (1)               ; 0 (0)                     ; 0                 ; 0          ; 0    ; 0            ; |latches_ffs|latch_d_gated:lff3  ; latch_d_gated  ; work         ;
;    |latch_sr_gated:lff2|   ; 3 (3)               ; 0 (0)                     ; 0                 ; 0          ; 0    ; 0            ; |latches_ffs|latch_sr_gated:lff2 ; latch_sr_gated ; work         ;
;    |latch_sr_nand:lff1|    ; 2 (2)               ; 0 (0)                     ; 0                 ; 0          ; 0    ; 0            ; |latches_ffs|latch_sr_nand:lff1  ; latch_sr_nand  ; work         ;
+----------------------------+---------------------+---------------------------+-------------------+------------+------+--------------+----------------------------------+----------------+--------------+
Note: For table entries with two numbers listed, the numbers in parentheses indicate the number of resources of the given type used by the specific entity alone. The numbers listed outside of parentheses indicate the total resources of the given type used by the specific entity and all of its sub-entities in the hierarchy.


+---------------------------------------------------------------------------------------------------+
; User-Specified and Inferred Latches                                                               ;
+----------------------------------------------------+---------------------+------------------------+
; Latch Name                                         ; Latch Enable Signal ; Free of Timing Hazards ;
+----------------------------------------------------+---------------------+------------------------+
; latch_sr_nand:lff1|Qa                              ; GND                 ; yes                    ;
; latch_sr_gated:lff2|Q                              ; GND                 ; yes                    ;
; latch_d_gated:lff3|Q                               ; clock               ; yes                    ;
; Number of user-specified and inferred latches = 3  ;                     ;                        ;
+----------------------------------------------------+---------------------+------------------------+
Note: All latches listed above may not be present at the end of synthesis due to various synthesis optimizations.


+------------------------------------------------------+
; General Register Statistics                          ;
+----------------------------------------------+-------+
; Statistic                                    ; Value ;
+----------------------------------------------+-------+
; Total registers                              ; 5     ;
; Number of registers using Synchronous Clear  ; 0     ;
; Number of registers using Synchronous Load   ; 0     ;
; Number of registers using Asynchronous Clear ; 0     ;
; Number of registers using Asynchronous Load  ; 0     ;
; Number of registers using Clock Enable       ; 0     ;
; Number of registers using Preset             ; 0     ;
+----------------------------------------------+-------+


+----------------------------------------------------------------------------------------------------------------+
; Port Connectivity Checks: "ff_t:lff6"                                                                          ;
+------+--------+----------+-------------------------------------------------------------------------------------+
; Port ; Type   ; Severity ; Details                                                                             ;
+------+--------+----------+-------------------------------------------------------------------------------------+
; q_n  ; Output ; Info     ; Connected to dangling logic. Logic that only feeds a dangling port will be removed. ;
+------+--------+----------+-------------------------------------------------------------------------------------+


+----------------------------------------------------------------------------------------------------------------+
; Port Connectivity Checks: "ff_jk:lff5"                                                                         ;
+------+--------+----------+-------------------------------------------------------------------------------------+
; Port ; Type   ; Severity ; Details                                                                             ;
+------+--------+----------+-------------------------------------------------------------------------------------+
; q_n  ; Output ; Info     ; Connected to dangling logic. Logic that only feeds a dangling port will be removed. ;
+------+--------+----------+-------------------------------------------------------------------------------------+


+----------------------------------------------------------------------------------------------------------------+
; Port Connectivity Checks: "ff_d:lff4"                                                                          ;
+------+--------+----------+-------------------------------------------------------------------------------------+
; Port ; Type   ; Severity ; Details                                                                             ;
+------+--------+----------+-------------------------------------------------------------------------------------+
; q_n  ; Output ; Info     ; Connected to dangling logic. Logic that only feeds a dangling port will be removed. ;
+------+--------+----------+-------------------------------------------------------------------------------------+


+----------------------------------------------------------------------------------------------------------------+
; Port Connectivity Checks: "latch_d_gated:lff3"                                                                 ;
+------+--------+----------+-------------------------------------------------------------------------------------+
; Port ; Type   ; Severity ; Details                                                                             ;
+------+--------+----------+-------------------------------------------------------------------------------------+
; q_n  ; Output ; Info     ; Connected to dangling logic. Logic that only feeds a dangling port will be removed. ;
+------+--------+----------+-------------------------------------------------------------------------------------+


+----------------------------------------------------------------------------------------------------------------+
; Port Connectivity Checks: "latch_sr_gated:lff2"                                                                ;
+------+--------+----------+-------------------------------------------------------------------------------------+
; Port ; Type   ; Severity ; Details                                                                             ;
+------+--------+----------+-------------------------------------------------------------------------------------+
; q_n  ; Output ; Info     ; Connected to dangling logic. Logic that only feeds a dangling port will be removed. ;
+------+--------+----------+-------------------------------------------------------------------------------------+


+----------------------------------------------------------------------------------------------------------------+
; Port Connectivity Checks: "latch_sr_nand:lff1"                                                                 ;
+------+--------+----------+-------------------------------------------------------------------------------------+
; Port ; Type   ; Severity ; Details                                                                             ;
+------+--------+----------+-------------------------------------------------------------------------------------+
; qb   ; Output ; Info     ; Connected to dangling logic. Logic that only feeds a dangling port will be removed. ;
+------+--------+----------+-------------------------------------------------------------------------------------+


+-----------------------------------------------------+
; Post-Synthesis Netlist Statistics for Top Partition ;
+-----------------------+-----------------------------+
; Type                  ; Count                       ;
+-----------------------+-----------------------------+
; arriav_ff             ; 5                           ;
;     plain             ; 5                           ;
; arriav_lcell_comb     ; 9                           ;
;     normal            ; 9                           ;
;         2 data inputs ; 1                           ;
;         3 data inputs ; 6                           ;
;         4 data inputs ; 1                           ;
;         5 data inputs ; 1                           ;
; boundary_port         ; 11                          ;
;                       ;                             ;
; Max LUT depth         ; 2.00                        ;
; Average LUT depth     ; 1.23                        ;
+-----------------------+-----------------------------+


+-------------------------------+
; Elapsed Time Per Partition    ;
+----------------+--------------+
; Partition Name ; Elapsed Time ;
+----------------+--------------+
; Top            ; 00:00:00     ;
+----------------+--------------+


+-------------------------------+
; Analysis & Synthesis Messages ;
+-------------------------------+
Info: *******************************************************************
Info: Running Quartus Prime Analysis & Synthesis
    Info: Version 17.1.0 Build 590 10/25/2017 SJ Lite Edition
    Info: Processing started: Tue Apr  3 14:58:32 2018
Info: Command: quartus_map --read_settings_files=on --write_settings_files=off Latches -c Latches
Warning (18236): Number of processors has not been specified which may cause overloading on shared machines.  Set the global assignment NUM_PARALLEL_PROCESSORS in your QSF to an appropriate value for best performance.
Info (20030): Parallel compilation is enabled and will use 4 of the 4 processors detected
Info (12021): Found 2 design units, including 1 entities, in source file latch_sr_nand.vhd
    Info (12022): Found design unit 1: latch_sr_nand-structural File: /home/ec2015/ra165457/Desktop/MC613/Lab06/Latches/latch_sr_nand.vhd Line: 15
    Info (12023): Found entity 1: latch_sr_nand File: /home/ec2015/ra165457/Desktop/MC613/Lab06/Latches/latch_sr_nand.vhd Line: 6
Info (12021): Found 2 design units, including 1 entities, in source file latch_sr_gated.vhd
    Info (12022): Found design unit 1: latch_sr_gated-structural File: /home/ec2015/ra165457/Desktop/MC613/Lab06/Latches/latch_sr_gated.vhd Line: 14
    Info (12023): Found entity 1: latch_sr_gated File: /home/ec2015/ra165457/Desktop/MC613/Lab06/Latches/latch_sr_gated.vhd Line: 4
Info (12021): Found 2 design units, including 1 entities, in source file latch_d_gated.vhd
    Info (12022): Found design unit 1: latch_d_gated-structural File: /home/ec2015/ra165457/Desktop/MC613/Lab06/Latches/latch_d_gated.vhd Line: 13
    Info (12023): Found entity 1: latch_d_gated File: /home/ec2015/ra165457/Desktop/MC613/Lab06/Latches/latch_d_gated.vhd Line: 4
Info (12021): Found 2 design units, including 1 entities, in source file ff_d.vhd
    Info (12022): Found design unit 1: ff_d-structural File: /home/ec2015/ra165457/Desktop/MC613/Lab06/Latches/ff_d.vhd Line: 15
    Info (12023): Found entity 1: ff_d File: /home/ec2015/ra165457/Desktop/MC613/Lab06/Latches/ff_d.vhd Line: 4
Info (12021): Found 2 design units, including 1 entities, in source file ff_jk.vhd
    Info (12022): Found design unit 1: ff_jk-structural File: /home/ec2015/ra165457/Desktop/MC613/Lab06/Latches/ff_jk.vhd Line: 16
    Info (12023): Found entity 1: ff_jk File: /home/ec2015/ra165457/Desktop/MC613/Lab06/Latches/ff_jk.vhd Line: 4
Info (12021): Found 2 design units, including 1 entities, in source file ff_t.vhd
    Info (12022): Found design unit 1: ff_t-structural File: /home/ec2015/ra165457/Desktop/MC613/Lab06/Latches/ff_t.vhd Line: 15
    Info (12023): Found entity 1: ff_t File: /home/ec2015/ra165457/Desktop/MC613/Lab06/Latches/ff_t.vhd Line: 4
Info (12021): Found 1 design units, including 0 entities, in source file latches_ffs_pack.vhd
    Info (12022): Found design unit 1: latches_ffs_pack File: /home/ec2015/ra165457/Desktop/MC613/Lab06/Latches/latches_ffs_pack.vhd Line: 6
Warning (12125): Using design file latches_ffs.vhd, which is not specified as a design file for the current project, but contains definitions for 2 design units and 1 entities in project
    Info (12022): Found design unit 1: latches_ffs-structural File: /home/ec2015/ra165457/Desktop/MC613/Lab06/Latches/latches_ffs.vhd Line: 18
    Info (12023): Found entity 1: latches_ffs File: /home/ec2015/ra165457/Desktop/MC613/Lab06/Latches/latches_ffs.vhd Line: 7
Info (12127): Elaborating entity "latches_ffs" for the top level hierarchy
Info (12128): Elaborating entity "latch_sr_nand" for hierarchy "latch_sr_nand:lff1" File: /home/ec2015/ra165457/Desktop/MC613/Lab06/Latches/latches_ffs.vhd Line: 21
Warning (10631): VHDL Process Statement warning at latch_sr_nand.vhd(18): inferring latch(es) for signal or variable "Qa", which holds its previous value in one or more paths through the process File: /home/ec2015/ra165457/Desktop/MC613/Lab06/Latches/latch_sr_nand.vhd Line: 18
Warning (10631): VHDL Process Statement warning at latch_sr_nand.vhd(18): inferring latch(es) for signal or variable "Qb", which holds its previous value in one or more paths through the process File: /home/ec2015/ra165457/Desktop/MC613/Lab06/Latches/latch_sr_nand.vhd Line: 18
Info (10041): Inferred latch for "Qb" at latch_sr_nand.vhd(18) File: /home/ec2015/ra165457/Desktop/MC613/Lab06/Latches/latch_sr_nand.vhd Line: 18
Info (10041): Inferred latch for "Qa" at latch_sr_nand.vhd(18) File: /home/ec2015/ra165457/Desktop/MC613/Lab06/Latches/latch_sr_nand.vhd Line: 18
Info (12128): Elaborating entity "latch_sr_gated" for hierarchy "latch_sr_gated:lff2" File: /home/ec2015/ra165457/Desktop/MC613/Lab06/Latches/latches_ffs.vhd Line: 28
Warning (10631): VHDL Process Statement warning at latch_sr_gated.vhd(17): inferring latch(es) for signal or variable "Q", which holds its previous value in one or more paths through the process File: /home/ec2015/ra165457/Desktop/MC613/Lab06/Latches/latch_sr_gated.vhd Line: 17
Warning (10631): VHDL Process Statement warning at latch_sr_gated.vhd(17): inferring latch(es) for signal or variable "Q_n", which holds its previous value in one or more paths through the process File: /home/ec2015/ra165457/Desktop/MC613/Lab06/Latches/latch_sr_gated.vhd Line: 17
Info (10041): Inferred latch for "Q_n" at latch_sr_gated.vhd(17) File: /home/ec2015/ra165457/Desktop/MC613/Lab06/Latches/latch_sr_gated.vhd Line: 17
Info (10041): Inferred latch for "Q" at latch_sr_gated.vhd(17) File: /home/ec2015/ra165457/Desktop/MC613/Lab06/Latches/latch_sr_gated.vhd Line: 17
Info (12128): Elaborating entity "latch_d_gated" for hierarchy "latch_d_gated:lff3" File: /home/ec2015/ra165457/Desktop/MC613/Lab06/Latches/latches_ffs.vhd Line: 36
Warning (10631): VHDL Process Statement warning at latch_d_gated.vhd(16): inferring latch(es) for signal or variable "Q", which holds its previous value in one or more paths through the process File: /home/ec2015/ra165457/Desktop/MC613/Lab06/Latches/latch_d_gated.vhd Line: 16
Warning (10631): VHDL Process Statement warning at latch_d_gated.vhd(16): inferring latch(es) for signal or variable "Q_n", which holds its previous value in one or more paths through the process File: /home/ec2015/ra165457/Desktop/MC613/Lab06/Latches/latch_d_gated.vhd Line: 16
Info (10041): Inferred latch for "Q_n" at latch_d_gated.vhd(16) File: /home/ec2015/ra165457/Desktop/MC613/Lab06/Latches/latch_d_gated.vhd Line: 16
Info (10041): Inferred latch for "Q" at latch_d_gated.vhd(16) File: /home/ec2015/ra165457/Desktop/MC613/Lab06/Latches/latch_d_gated.vhd Line: 16
Info (12128): Elaborating entity "ff_d" for hierarchy "ff_d:lff4" File: /home/ec2015/ra165457/Desktop/MC613/Lab06/Latches/latches_ffs.vhd Line: 43
Info (12128): Elaborating entity "ff_jk" for hierarchy "ff_jk:lff5" File: /home/ec2015/ra165457/Desktop/MC613/Lab06/Latches/latches_ffs.vhd Line: 52
Info (12128): Elaborating entity "ff_t" for hierarchy "ff_t:lff6" File: /home/ec2015/ra165457/Desktop/MC613/Lab06/Latches/latches_ffs.vhd Line: 62
Info (286030): Timing-Driven Synthesis is running
Info (16010): Generating hard_block partition "hard_block:auto_generated_inst"
    Info (16011): Adding 0 node(s), including 0 DDIO, 0 PLL, 0 transceiver and 0 LCELL
Info (21057): Implemented 24 device resources after synthesis - the final resource count might be different
    Info (21058): Implemented 5 input pins
    Info (21059): Implemented 6 output pins
    Info (21061): Implemented 13 logic cells
Info: Quartus Prime Analysis & Synthesis was successful. 0 errors, 8 warnings
    Info: Peak virtual memory: 1173 megabytes
    Info: Processing ended: Tue Apr  3 14:58:42 2018
    Info: Elapsed time: 00:00:10
    Info: Total CPU time (on all processors): 00:00:21


