Analysis & Synthesis report for Registrador
Wed Apr  4 20:21:57 2018
Quartus Prime Version 17.1.0 Build 590 10/25/2017 SJ Lite Edition


---------------------
; Table of Contents ;
---------------------
  1. Legal Notice
  2. Analysis & Synthesis Summary
  3. Analysis & Synthesis Settings
  4. Parallel Compilation
  5. Analysis & Synthesis Source Files Read
  6. Analysis & Synthesis Resource Usage Summary
  7. Analysis & Synthesis Resource Utilization by Entity
  8. General Register Statistics
  9. Multiplexer Restructuring Statistics (Restructuring Performed)
 10. Parameter Settings for User Entity Instance: reg:\G1:0:reg_instance
 11. Parameter Settings for User Entity Instance: reg:\G1:1:reg_instance
 12. Parameter Settings for User Entity Instance: reg:\G1:2:reg_instance
 13. Parameter Settings for User Entity Instance: reg:\G1:3:reg_instance
 14. Parameter Settings for User Entity Instance: reg:\G1:4:reg_instance
 15. Parameter Settings for User Entity Instance: reg:\G1:5:reg_instance
 16. Parameter Settings for User Entity Instance: reg:\G1:6:reg_instance
 17. Parameter Settings for User Entity Instance: reg:\G1:7:reg_instance
 18. Post-Synthesis Netlist Statistics for Top Partition
 19. Elapsed Time Per Partition
 20. Analysis & Synthesis Messages



----------------
; Legal Notice ;
----------------
Copyright (C) 2017  Intel Corporation. All rights reserved.
Your use of Intel Corporation's design tools, logic functions 
and other software and tools, and its AMPP partner logic 
functions, and any output files from any of the foregoing 
(including device programming or simulation files), and any 
associated documentation or information are expressly subject 
to the terms and conditions of the Intel Program License 
Subscription Agreement, the Intel Quartus Prime License Agreement,
the Intel FPGA IP License Agreement, or other applicable license
agreement, including, without limitation, that your use is for
the sole purpose of programming logic devices manufactured by
Intel and sold by Intel or its authorized distributors.  Please
refer to the applicable agreement for further details.



+-------------------------------------------------------------------------------+
; Analysis & Synthesis Summary                                                  ;
+---------------------------------+---------------------------------------------+
; Analysis & Synthesis Status     ; Successful - Wed Apr  4 20:21:57 2018       ;
; Quartus Prime Version           ; 17.1.0 Build 590 10/25/2017 SJ Lite Edition ;
; Revision Name                   ; Registrador                                 ;
; Top-level Entity Name           ; register_bank                               ;
; Family                          ; Cyclone V                                   ;
; Logic utilization (in ALMs)     ; N/A                                         ;
; Total registers                 ; 32                                          ;
; Total pins                      ; 17                                          ;
; Total virtual pins              ; 0                                           ;
; Total block memory bits         ; 0                                           ;
; Total DSP Blocks                ; 0                                           ;
; Total HSSI RX PCSs              ; 0                                           ;
; Total HSSI PMA RX Deserializers ; 0                                           ;
; Total HSSI TX PCSs              ; 0                                           ;
; Total HSSI PMA TX Serializers   ; 0                                           ;
; Total PLLs                      ; 0                                           ;
; Total DLLs                      ; 0                                           ;
+---------------------------------+---------------------------------------------+


+---------------------------------------------------------------------------------------------------------------------------+
; Analysis & Synthesis Settings                                                                                             ;
+---------------------------------------------------------------------------------+--------------------+--------------------+
; Option                                                                          ; Setting            ; Default Value      ;
+---------------------------------------------------------------------------------+--------------------+--------------------+
; Device                                                                          ; 5CSEMA5F31C6       ;                    ;
; Top-level entity name                                                           ; register_bank      ; Registrador        ;
; Family name                                                                     ; Cyclone V          ; Cyclone V          ;
; Use smart compilation                                                           ; Off                ; Off                ;
; Enable parallel Assembler and TimeQuest Timing Analyzer during compilation      ; On                 ; On                 ;
; Enable compact report table                                                     ; Off                ; Off                ;
; Restructure Multiplexers                                                        ; Auto               ; Auto               ;
; MLAB Add Timing Constraints For Mixed-Port Feed-Through Mode Setting Don't Care ; Off                ; Off                ;
; Create Debugging Nodes for IP Cores                                             ; Off                ; Off                ;
; Preserve fewer node names                                                       ; On                 ; On                 ;
; Intel FPGA IP Evaluation Mode                                                   ; Enable             ; Enable             ;
; Verilog Version                                                                 ; Verilog_2001       ; Verilog_2001       ;
; VHDL Version                                                                    ; VHDL_1993          ; VHDL_1993          ;
; State Machine Processing                                                        ; Auto               ; Auto               ;
; Safe State Machine                                                              ; Off                ; Off                ;
; Extract Verilog State Machines                                                  ; On                 ; On                 ;
; Extract VHDL State Machines                                                     ; On                 ; On                 ;
; Ignore Verilog initial constructs                                               ; Off                ; Off                ;
; Iteration limit for constant Verilog loops                                      ; 5000               ; 5000               ;
; Iteration limit for non-constant Verilog loops                                  ; 250                ; 250                ;
; Add Pass-Through Logic to Inferred RAMs                                         ; On                 ; On                 ;
; Infer RAMs from Raw Logic                                                       ; On                 ; On                 ;
; Parallel Synthesis                                                              ; On                 ; On                 ;
; DSP Block Balancing                                                             ; Auto               ; Auto               ;
; NOT Gate Push-Back                                                              ; On                 ; On                 ;
; Power-Up Don't Care                                                             ; On                 ; On                 ;
; Remove Redundant Logic Cells                                                    ; Off                ; Off                ;
; Remove Duplicate Registers                                                      ; On                 ; On                 ;
; Ignore CARRY Buffers                                                            ; Off                ; Off                ;
; Ignore CASCADE Buffers                                                          ; Off                ; Off                ;
; Ignore GLOBAL Buffers                                                           ; Off                ; Off                ;
; Ignore ROW GLOBAL Buffers                                                       ; Off                ; Off                ;
; Ignore LCELL Buffers                                                            ; Off                ; Off                ;
; Ignore SOFT Buffers                                                             ; On                 ; On                 ;
; Limit AHDL Integers to 32 Bits                                                  ; Off                ; Off                ;
; Optimization Technique                                                          ; Balanced           ; Balanced           ;
; Carry Chain Length                                                              ; 70                 ; 70                 ;
; Auto Carry Chains                                                               ; On                 ; On                 ;
; Auto Open-Drain Pins                                                            ; On                 ; On                 ;
; Perform WYSIWYG Primitive Resynthesis                                           ; Off                ; Off                ;
; Auto ROM Replacement                                                            ; On                 ; On                 ;
; Auto RAM Replacement                                                            ; On                 ; On                 ;
; Auto DSP Block Replacement                                                      ; On                 ; On                 ;
; Auto Shift Register Replacement                                                 ; Auto               ; Auto               ;
; Allow Shift Register Merging across Hierarchies                                 ; Auto               ; Auto               ;
; Auto Clock Enable Replacement                                                   ; On                 ; On                 ;
; Strict RAM Replacement                                                          ; Off                ; Off                ;
; Allow Synchronous Control Signals                                               ; On                 ; On                 ;
; Force Use of Synchronous Clear Signals                                          ; Off                ; Off                ;
; Auto Resource Sharing                                                           ; Off                ; Off                ;
; Allow Any RAM Size For Recognition                                              ; Off                ; Off                ;
; Allow Any ROM Size For Recognition                                              ; Off                ; Off                ;
; Allow Any Shift Register Size For Recognition                                   ; Off                ; Off                ;
; Use LogicLock Constraints during Resource Balancing                             ; On                 ; On                 ;
; Ignore translate_off and synthesis_off directives                               ; Off                ; Off                ;
; Timing-Driven Synthesis                                                         ; On                 ; On                 ;
; Report Parameter Settings                                                       ; On                 ; On                 ;
; Report Source Assignments                                                       ; On                 ; On                 ;
; Report Connectivity Checks                                                      ; On                 ; On                 ;
; Ignore Maximum Fan-Out Assignments                                              ; Off                ; Off                ;
; Synchronization Register Chain Length                                           ; 3                  ; 3                  ;
; Power Optimization During Synthesis                                             ; Normal compilation ; Normal compilation ;
; HDL message level                                                               ; Level2             ; Level2             ;
; Suppress Register Optimization Related Messages                                 ; Off                ; Off                ;
; Number of Removed Registers Reported in Synthesis Report                        ; 5000               ; 5000               ;
; Number of Swept Nodes Reported in Synthesis Report                              ; 5000               ; 5000               ;
; Number of Inverted Registers Reported in Synthesis Report                       ; 100                ; 100                ;
; Clock MUX Protection                                                            ; On                 ; On                 ;
; Auto Gated Clock Conversion                                                     ; Off                ; Off                ;
; Block Design Naming                                                             ; Auto               ; Auto               ;
; SDC constraint protection                                                       ; Off                ; Off                ;
; Synthesis Effort                                                                ; Auto               ; Auto               ;
; Shift Register Replacement - Allow Asynchronous Clear Signal                    ; On                 ; On                 ;
; Pre-Mapping Resynthesis Optimization                                            ; Off                ; Off                ;
; Analysis & Synthesis Message Level                                              ; Medium             ; Medium             ;
; Disable Register Merging Across Hierarchies                                     ; Auto               ; Auto               ;
; Resource Aware Inference For Block RAM                                          ; On                 ; On                 ;
; Automatic Parallel Synthesis                                                    ; On                 ; On                 ;
; Partial Reconfiguration Bitstream ID                                            ; Off                ; Off                ;
+---------------------------------------------------------------------------------+--------------------+--------------------+


+------------------------------------------+
; Parallel Compilation                     ;
+----------------------------+-------------+
; Processors                 ; Number      ;
+----------------------------+-------------+
; Number detected on machine ; 4           ;
; Maximum allowed            ; 4           ;
;                            ;             ;
; Average used               ; 1.00        ;
; Maximum used               ; 1           ;
;                            ;             ;
; Usage by Processor         ; % Time Used ;
;     Processor 1            ; 100.0%      ;
+----------------------------+-------------+


+----------------------------------------------------------------------------------------------------------------------------------------------------------------+
; Analysis & Synthesis Source Files Read                                                                                                                         ;
+----------------------------------+-----------------+-----------------------+-------------------------------------------------------------------------+---------+
; File Name with User-Entered Path ; Used in Netlist ; File Type             ; File Name with Absolute Path                                            ; Library ;
+----------------------------------+-----------------+-----------------------+-------------------------------------------------------------------------+---------+
; zbuffer.vhd                      ; yes             ; User VHDL File        ; /home/ec2015/ra165457/Desktop/MC613/Lab06/Registrador/zbuffer.vhd       ;         ;
; dec3_to_8.vhd                    ; yes             ; User VHDL File        ; /home/ec2015/ra165457/Desktop/MC613/Lab06/Registrador/dec3_to_8.vhd     ;         ;
; register_bank.vhd                ; yes             ; Auto-Found VHDL File  ; /home/ec2015/ra165457/Desktop/MC613/Lab06/Registrador/register_bank.vhd ;         ;
; reg.vhd                          ; yes             ; Auto-Found VHDL File  ; /home/ec2015/ra165457/Desktop/MC613/Lab06/Registrador/reg.vhd           ;         ;
+----------------------------------+-----------------+-----------------------+-------------------------------------------------------------------------+---------+


+---------------------------------------------------------+
; Analysis & Synthesis Resource Usage Summary             ;
+---------------------------------------------+-----------+
; Resource                                    ; Usage     ;
+---------------------------------------------+-----------+
; Estimate of Logic utilization (ALMs needed) ; 25        ;
;                                             ;           ;
; Combinational ALUT usage for logic          ; 26        ;
;     -- 7 input functions                    ; 0         ;
;     -- 6 input functions                    ; 4         ;
;     -- 5 input functions                    ; 8         ;
;     -- 4 input functions                    ; 12        ;
;     -- <=3 input functions                  ; 2         ;
;                                             ;           ;
; Dedicated logic registers                   ; 32        ;
;                                             ;           ;
; I/O pins                                    ; 17        ;
;                                             ;           ;
; Total DSP Blocks                            ; 0         ;
;                                             ;           ;
; Maximum fan-out node                        ; clk~input ;
; Maximum fan-out                             ; 32        ;
; Total fan-out                               ; 271       ;
; Average fan-out                             ; 2.95      ;
+---------------------------------------------+-----------+


+-----------------------------------------------------------------------------------------------------------------------------------------------------------------------------------------------------------------------------+
; Analysis & Synthesis Resource Utilization by Entity                                                                                                                                                                         ;
+-------------------------------------+---------------------+---------------------------+-------------------+------------+------+--------------+-----------------------------------------------+---------------+--------------+
; Compilation Hierarchy Node          ; Combinational ALUTs ; Dedicated Logic Registers ; Block Memory Bits ; DSP Blocks ; Pins ; Virtual Pins ; Full Hierarchy Name                           ; Entity Name   ; Library Name ;
+-------------------------------------+---------------------+---------------------------+-------------------+------------+------+--------------+-----------------------------------------------+---------------+--------------+
; |register_bank                      ; 26 (17)             ; 32 (0)                    ; 0                 ; 0          ; 17   ; 0            ; |register_bank                                ; register_bank ; work         ;
;    |dec3_to_8:dec3_to_8_instance_1| ; 8 (8)               ; 0 (0)                     ; 0                 ; 0          ; 0    ; 0            ; |register_bank|dec3_to_8:dec3_to_8_instance_1 ; dec3_to_8     ; work         ;
;    |dec3_to_8:dec3_to_8_instance_2| ; 1 (1)               ; 0 (0)                     ; 0                 ; 0          ; 0    ; 0            ; |register_bank|dec3_to_8:dec3_to_8_instance_2 ; dec3_to_8     ; work         ;
;    |reg:\G1:0:reg_instance|         ; 0 (0)               ; 4 (4)                     ; 0                 ; 0          ; 0    ; 0            ; |register_bank|reg:\G1:0:reg_instance         ; reg           ; work         ;
;    |reg:\G1:1:reg_instance|         ; 0 (0)               ; 4 (4)                     ; 0                 ; 0          ; 0    ; 0            ; |register_bank|reg:\G1:1:reg_instance         ; reg           ; work         ;
;    |reg:\G1:2:reg_instance|         ; 0 (0)               ; 4 (4)                     ; 0                 ; 0          ; 0    ; 0            ; |register_bank|reg:\G1:2:reg_instance         ; reg           ; work         ;
;    |reg:\G1:3:reg_instance|         ; 0 (0)               ; 4 (4)                     ; 0                 ; 0          ; 0    ; 0            ; |register_bank|reg:\G1:3:reg_instance         ; reg           ; work         ;
;    |reg:\G1:4:reg_instance|         ; 0 (0)               ; 4 (4)                     ; 0                 ; 0          ; 0    ; 0            ; |register_bank|reg:\G1:4:reg_instance         ; reg           ; work         ;
;    |reg:\G1:5:reg_instance|         ; 0 (0)               ; 4 (4)                     ; 0                 ; 0          ; 0    ; 0            ; |register_bank|reg:\G1:5:reg_instance         ; reg           ; work         ;
;    |reg:\G1:6:reg_instance|         ; 0 (0)               ; 4 (4)                     ; 0                 ; 0          ; 0    ; 0            ; |register_bank|reg:\G1:6:reg_instance         ; reg           ; work         ;
;    |reg:\G1:7:reg_instance|         ; 0 (0)               ; 4 (4)                     ; 0                 ; 0          ; 0    ; 0            ; |register_bank|reg:\G1:7:reg_instance         ; reg           ; work         ;
+-------------------------------------+---------------------+---------------------------+-------------------+------------+------+--------------+-----------------------------------------------+---------------+--------------+
Note: For table entries with two numbers listed, the numbers in parentheses indicate the number of resources of the given type used by the specific entity alone. The numbers listed outside of parentheses indicate the total resources of the given type used by the specific entity and all of its sub-entities in the hierarchy.


+------------------------------------------------------+
; General Register Statistics                          ;
+----------------------------------------------+-------+
; Statistic                                    ; Value ;
+----------------------------------------------+-------+
; Total registers                              ; 32    ;
; Number of registers using Synchronous Clear  ; 0     ;
; Number of registers using Synchronous Load   ; 0     ;
; Number of registers using Asynchronous Clear ; 32    ;
; Number of registers using Asynchronous Load  ; 0     ;
; Number of registers using Clock Enable       ; 32    ;
; Number of registers using Preset             ; 0     ;
+----------------------------------------------+-------+


+------------------------------------------------------------------------------------------------------------------------------------------+
; Multiplexer Restructuring Statistics (Restructuring Performed)                                                                           ;
+--------------------+-----------+---------------+----------------------+------------------------+------------+----------------------------+
; Multiplexer Inputs ; Bus Width ; Baseline Area ; Area if Restructured ; Saving if Restructured ; Registered ; Example Multiplexer Output ;
+--------------------+-----------+---------------+----------------------+------------------------+------------+----------------------------+
; 8:1                ; 4 bits    ; 20 LEs        ; 20 LEs               ; 0 LEs                  ; No         ; |register_bank|Mux0        ;
+--------------------+-----------+---------------+----------------------+------------------------+------------+----------------------------+


+---------------------------------------------------------------------+
; Parameter Settings for User Entity Instance: reg:\G1:0:reg_instance ;
+----------------+-------+--------------------------------------------+
; Parameter Name ; Value ; Type                                       ;
+----------------+-------+--------------------------------------------+
; N              ; 4     ; Signed Integer                             ;
+----------------+-------+--------------------------------------------+
Note: In order to hide this table in the UI and the text report file, please set the "Show Parameter Settings in Synthesis Report" option in "Analysis and Synthesis Settings -> More Settings" to "Off".


+---------------------------------------------------------------------+
; Parameter Settings for User Entity Instance: reg:\G1:1:reg_instance ;
+----------------+-------+--------------------------------------------+
; Parameter Name ; Value ; Type                                       ;
+----------------+-------+--------------------------------------------+
; N              ; 4     ; Signed Integer                             ;
+----------------+-------+--------------------------------------------+
Note: In order to hide this table in the UI and the text report file, please set the "Show Parameter Settings in Synthesis Report" option in "Analysis and Synthesis Settings -> More Settings" to "Off".


+---------------------------------------------------------------------+
; Parameter Settings for User Entity Instance: reg:\G1:2:reg_instance ;
+----------------+-------+--------------------------------------------+
; Parameter Name ; Value ; Type                                       ;
+----------------+-------+--------------------------------------------+
; N              ; 4     ; Signed Integer                             ;
+----------------+-------+--------------------------------------------+
Note: In order to hide this table in the UI and the text report file, please set the "Show Parameter Settings in Synthesis Report" option in "Analysis and Synthesis Settings -> More Settings" to "Off".


+---------------------------------------------------------------------+
; Parameter Settings for User Entity Instance: reg:\G1:3:reg_instance ;
+----------------+-------+--------------------------------------------+
; Parameter Name ; Value ; Type                                       ;
+----------------+-------+--------------------------------------------+
; N              ; 4     ; Signed Integer                             ;
+----------------+-------+--------------------------------------------+
Note: In order to hide this table in the UI and the text report file, please set the "Show Parameter Settings in Synthesis Report" option in "Analysis and Synthesis Settings -> More Settings" to "Off".


+---------------------------------------------------------------------+
; Parameter Settings for User Entity Instance: reg:\G1:4:reg_instance ;
+----------------+-------+--------------------------------------------+
; Parameter Name ; Value ; Type                                       ;
+----------------+-------+--------------------------------------------+
; N              ; 4     ; Signed Integer                             ;
+----------------+-------+--------------------------------------------+
Note: In order to hide this table in the UI and the text report file, please set the "Show Parameter Settings in Synthesis Report" option in "Analysis and Synthesis Settings -> More Settings" to "Off".


+---------------------------------------------------------------------+
; Parameter Settings for User Entity Instance: reg:\G1:5:reg_instance ;
+----------------+-------+--------------------------------------------+
; Parameter Name ; Value ; Type                                       ;
+----------------+-------+--------------------------------------------+
; N              ; 4     ; Signed Integer                             ;
+----------------+-------+--------------------------------------------+
Note: In order to hide this table in the UI and the text report file, please set the "Show Parameter Settings in Synthesis Report" option in "Analysis and Synthesis Settings -> More Settings" to "Off".


+---------------------------------------------------------------------+
; Parameter Settings for User Entity Instance: reg:\G1:6:reg_instance ;
+----------------+-------+--------------------------------------------+
; Parameter Name ; Value ; Type                                       ;
+----------------+-------+--------------------------------------------+
; N              ; 4     ; Signed Integer                             ;
+----------------+-------+--------------------------------------------+
Note: In order to hide this table in the UI and the text report file, please set the "Show Parameter Settings in Synthesis Report" option in "Analysis and Synthesis Settings -> More Settings" to "Off".


+---------------------------------------------------------------------+
; Parameter Settings for User Entity Instance: reg:\G1:7:reg_instance ;
+----------------+-------+--------------------------------------------+
; Parameter Name ; Value ; Type                                       ;
+----------------+-------+--------------------------------------------+
; N              ; 4     ; Signed Integer                             ;
+----------------+-------+--------------------------------------------+
Note: In order to hide this table in the UI and the text report file, please set the "Show Parameter Settings in Synthesis Report" option in "Analysis and Synthesis Settings -> More Settings" to "Off".


+-----------------------------------------------------+
; Post-Synthesis Netlist Statistics for Top Partition ;
+-----------------------+-----------------------------+
; Type                  ; Count                       ;
+-----------------------+-----------------------------+
; arriav_ff             ; 32                          ;
;     ENA CLR           ; 32                          ;
; arriav_io_obuf        ; 4                           ;
; arriav_lcell_comb     ; 26                          ;
;     normal            ; 26                          ;
;         3 data inputs ; 2                           ;
;         4 data inputs ; 12                          ;
;         5 data inputs ; 8                           ;
;         6 data inputs ; 4                           ;
; boundary_port         ; 17                          ;
;                       ;                             ;
; Max LUT depth         ; 3.00                        ;
; Average LUT depth     ; 1.80                        ;
+-----------------------+-----------------------------+


+-------------------------------+
; Elapsed Time Per Partition    ;
+----------------+--------------+
; Partition Name ; Elapsed Time ;
+----------------+--------------+
; Top            ; 00:00:00     ;
+----------------+--------------+


+-------------------------------+
; Analysis & Synthesis Messages ;
+-------------------------------+
Info: *******************************************************************
Info: Running Quartus Prime Analysis & Synthesis
    Info: Version 17.1.0 Build 590 10/25/2017 SJ Lite Edition
    Info: Processing started: Wed Apr  4 20:21:47 2018
Info: Command: quartus_map --read_settings_files=on --write_settings_files=off Registrador -c Registrador
Warning (18236): Number of processors has not been specified which may cause overloading on shared machines.  Set the global assignment NUM_PARALLEL_PROCESSORS in your QSF to an appropriate value for best performance.
Info (20030): Parallel compilation is enabled and will use 4 of the 4 processors detected
Info (12021): Found 2 design units, including 1 entities, in source file zbuffer.vhd
    Info (12022): Found design unit 1: zbuffer-Behavior File: /home/ec2015/ra165457/Desktop/MC613/Lab06/Registrador/zbuffer.vhd Line: 13
    Info (12023): Found entity 1: zbuffer File: /home/ec2015/ra165457/Desktop/MC613/Lab06/Registrador/zbuffer.vhd Line: 4
Info (12021): Found 2 design units, including 1 entities, in source file dec3_to_8.vhd
    Info (12022): Found design unit 1: dec3_to_8-rtl File: /home/ec2015/ra165457/Desktop/MC613/Lab06/Registrador/dec3_to_8.vhd Line: 12
    Info (12023): Found entity 1: dec3_to_8 File: /home/ec2015/ra165457/Desktop/MC613/Lab06/Registrador/dec3_to_8.vhd Line: 4
Warning (12125): Using design file register_bank.vhd, which is not specified as a design file for the current project, but contains definitions for 2 design units and 1 entities in project
    Info (12022): Found design unit 1: register_bank-structural File: /home/ec2015/ra165457/Desktop/MC613/Lab06/Registrador/register_bank.vhd Line: 16
    Info (12023): Found entity 1: register_bank File: /home/ec2015/ra165457/Desktop/MC613/Lab06/Registrador/register_bank.vhd Line: 4
Info (12127): Elaborating entity "register_bank" for the top level hierarchy
Info (12128): Elaborating entity "dec3_to_8" for hierarchy "dec3_to_8:dec3_to_8_instance_1" File: /home/ec2015/ra165457/Desktop/MC613/Lab06/Registrador/register_bank.vhd Line: 53
Warning (12125): Using design file reg.vhd, which is not specified as a design file for the current project, but contains definitions for 2 design units and 1 entities in project
    Info (12022): Found design unit 1: reg-rtl File: /home/ec2015/ra165457/Desktop/MC613/Lab06/Registrador/reg.vhd Line: 17
    Info (12023): Found entity 1: reg File: /home/ec2015/ra165457/Desktop/MC613/Lab06/Registrador/reg.vhd Line: 4
Info (12128): Elaborating entity "reg" for hierarchy "reg:\G1:0:reg_instance" File: /home/ec2015/ra165457/Desktop/MC613/Lab06/Registrador/register_bank.vhd Line: 63
Warning (10492): VHDL Process Statement warning at reg.vhd(28): signal "load" is read inside the Process Statement but isn't in the Process Statement's sensitivity list File: /home/ec2015/ra165457/Desktop/MC613/Lab06/Registrador/reg.vhd Line: 28
Info (12128): Elaborating entity "zbuffer" for hierarchy "zbuffer:\G1:0:buffer_instance" File: /home/ec2015/ra165457/Desktop/MC613/Lab06/Registrador/register_bank.vhd Line: 68
Warning (13046): Tri-state node(s) do not directly drive top-level pin(s)
    Warning (13049): Converted tri-state buffer "zbuffer:\G1:7:buffer_instance|F[0]" feeding internal logic into a wire File: /home/ec2015/ra165457/Desktop/MC613/Lab06/Registrador/zbuffer.vhd Line: 8
    Warning (13049): Converted tri-state buffer "zbuffer:\G1:7:buffer_instance|F[1]" feeding internal logic into a wire File: /home/ec2015/ra165457/Desktop/MC613/Lab06/Registrador/zbuffer.vhd Line: 8
    Warning (13049): Converted tri-state buffer "zbuffer:\G1:7:buffer_instance|F[2]" feeding internal logic into a wire File: /home/ec2015/ra165457/Desktop/MC613/Lab06/Registrador/zbuffer.vhd Line: 8
    Warning (13049): Converted tri-state buffer "zbuffer:\G1:7:buffer_instance|F[3]" feeding internal logic into a wire File: /home/ec2015/ra165457/Desktop/MC613/Lab06/Registrador/zbuffer.vhd Line: 8
    Warning (13049): Converted tri-state buffer "zbuffer:\G1:6:buffer_instance|F[0]" feeding internal logic into a wire File: /home/ec2015/ra165457/Desktop/MC613/Lab06/Registrador/zbuffer.vhd Line: 8
    Warning (13049): Converted tri-state buffer "zbuffer:\G1:6:buffer_instance|F[1]" feeding internal logic into a wire File: /home/ec2015/ra165457/Desktop/MC613/Lab06/Registrador/zbuffer.vhd Line: 8
    Warning (13049): Converted tri-state buffer "zbuffer:\G1:6:buffer_instance|F[2]" feeding internal logic into a wire File: /home/ec2015/ra165457/Desktop/MC613/Lab06/Registrador/zbuffer.vhd Line: 8
    Warning (13049): Converted tri-state buffer "zbuffer:\G1:6:buffer_instance|F[3]" feeding internal logic into a wire File: /home/ec2015/ra165457/Desktop/MC613/Lab06/Registrador/zbuffer.vhd Line: 8
    Warning (13049): Converted tri-state buffer "zbuffer:\G1:5:buffer_instance|F[0]" feeding internal logic into a wire File: /home/ec2015/ra165457/Desktop/MC613/Lab06/Registrador/zbuffer.vhd Line: 8
    Warning (13049): Converted tri-state buffer "zbuffer:\G1:5:buffer_instance|F[1]" feeding internal logic into a wire File: /home/ec2015/ra165457/Desktop/MC613/Lab06/Registrador/zbuffer.vhd Line: 8
    Warning (13049): Converted tri-state buffer "zbuffer:\G1:5:buffer_instance|F[2]" feeding internal logic into a wire File: /home/ec2015/ra165457/Desktop/MC613/Lab06/Registrador/zbuffer.vhd Line: 8
    Warning (13049): Converted tri-state buffer "zbuffer:\G1:5:buffer_instance|F[3]" feeding internal logic into a wire File: /home/ec2015/ra165457/Desktop/MC613/Lab06/Registrador/zbuffer.vhd Line: 8
    Warning (13049): Converted tri-state buffer "zbuffer:\G1:4:buffer_instance|F[0]" feeding internal logic into a wire File: /home/ec2015/ra165457/Desktop/MC613/Lab06/Registrador/zbuffer.vhd Line: 8
    Warning (13049): Converted tri-state buffer "zbuffer:\G1:4:buffer_instance|F[1]" feeding internal logic into a wire File: /home/ec2015/ra165457/Desktop/MC613/Lab06/Registrador/zbuffer.vhd Line: 8
    Warning (13049): Converted tri-state buffer "zbuffer:\G1:4:buffer_instance|F[2]" feeding internal logic into a wire File: /home/ec2015/ra165457/Desktop/MC613/Lab06/Registrador/zbuffer.vhd Line: 8
    Warning (13049): Converted tri-state buffer "zbuffer:\G1:4:buffer_instance|F[3]" feeding internal logic into a wire File: /home/ec2015/ra165457/Desktop/MC613/Lab06/Registrador/zbuffer.vhd Line: 8
    Warning (13049): Converted tri-state buffer "zbuffer:\G1:3:buffer_instance|F[0]" feeding internal logic into a wire File: /home/ec2015/ra165457/Desktop/MC613/Lab06/Registrador/zbuffer.vhd Line: 8
    Warning (13049): Converted tri-state buffer "zbuffer:\G1:3:buffer_instance|F[1]" feeding internal logic into a wire File: /home/ec2015/ra165457/Desktop/MC613/Lab06/Registrador/zbuffer.vhd Line: 8
    Warning (13049): Converted tri-state buffer "zbuffer:\G1:3:buffer_instance|F[2]" feeding internal logic into a wire File: /home/ec2015/ra165457/Desktop/MC613/Lab06/Registrador/zbuffer.vhd Line: 8
    Warning (13049): Converted tri-state buffer "zbuffer:\G1:3:buffer_instance|F[3]" feeding internal logic into a wire File: /home/ec2015/ra165457/Desktop/MC613/Lab06/Registrador/zbuffer.vhd Line: 8
    Warning (13049): Converted tri-state buffer "zbuffer:\G1:2:buffer_instance|F[0]" feeding internal logic into a wire File: /home/ec2015/ra165457/Desktop/MC613/Lab06/Registrador/zbuffer.vhd Line: 8
    Warning (13049): Converted tri-state buffer "zbuffer:\G1:2:buffer_instance|F[1]" feeding internal logic into a wire File: /home/ec2015/ra165457/Desktop/MC613/Lab06/Registrador/zbuffer.vhd Line: 8
    Warning (13049): Converted tri-state buffer "zbuffer:\G1:2:buffer_instance|F[2]" feeding internal logic into a wire File: /home/ec2015/ra165457/Desktop/MC613/Lab06/Registrador/zbuffer.vhd Line: 8
    Warning (13049): Converted tri-state buffer "zbuffer:\G1:2:buffer_instance|F[3]" feeding internal logic into a wire File: /home/ec2015/ra165457/Desktop/MC613/Lab06/Registrador/zbuffer.vhd Line: 8
    Warning (13049): Converted tri-state buffer "zbuffer:\G1:1:buffer_instance|F[0]" feeding internal logic into a wire File: /home/ec2015/ra165457/Desktop/MC613/Lab06/Registrador/zbuffer.vhd Line: 8
    Warning (13049): Converted tri-state buffer "zbuffer:\G1:1:buffer_instance|F[1]" feeding internal logic into a wire File: /home/ec2015/ra165457/Desktop/MC613/Lab06/Registrador/zbuffer.vhd Line: 8
    Warning (13049): Converted tri-state buffer "zbuffer:\G1:1:buffer_instance|F[2]" feeding internal logic into a wire File: /home/ec2015/ra165457/Desktop/MC613/Lab06/Registrador/zbuffer.vhd Line: 8
    Warning (13049): Converted tri-state buffer "zbuffer:\G1:1:buffer_instance|F[3]" feeding internal logic into a wire File: /home/ec2015/ra165457/Desktop/MC613/Lab06/Registrador/zbuffer.vhd Line: 8
    Warning (13049): Converted tri-state buffer "zbuffer:\G1:0:buffer_instance|F[0]" feeding internal logic into a wire File: /home/ec2015/ra165457/Desktop/MC613/Lab06/Registrador/zbuffer.vhd Line: 8
    Warning (13049): Converted tri-state buffer "zbuffer:\G1:0:buffer_instance|F[1]" feeding internal logic into a wire File: /home/ec2015/ra165457/Desktop/MC613/Lab06/Registrador/zbuffer.vhd Line: 8
    Warning (13049): Converted tri-state buffer "zbuffer:\G1:0:buffer_instance|F[2]" feeding internal logic into a wire File: /home/ec2015/ra165457/Desktop/MC613/Lab06/Registrador/zbuffer.vhd Line: 8
    Warning (13049): Converted tri-state buffer "zbuffer:\G1:0:buffer_instance|F[3]" feeding internal logic into a wire File: /home/ec2015/ra165457/Desktop/MC613/Lab06/Registrador/zbuffer.vhd Line: 8
Info (286030): Timing-Driven Synthesis is running
Info (16010): Generating hard_block partition "hard_block:auto_generated_inst"
    Info (16011): Adding 0 node(s), including 0 DDIO, 0 PLL, 0 transceiver and 0 LCELL
Info (21057): Implemented 75 device resources after synthesis - the final resource count might be different
    Info (21058): Implemented 13 input pins
    Info (21059): Implemented 4 output pins
    Info (21061): Implemented 58 logic cells
Info: Quartus Prime Analysis & Synthesis was successful. 0 errors, 37 warnings
    Info: Peak virtual memory: 1168 megabytes
    Info: Processing ended: Wed Apr  4 20:21:57 2018
    Info: Elapsed time: 00:00:10
    Info: Total CPU time (on all processors): 00:00:21


