Analysis & Synthesis report for Teclado
Fri Apr  6 20:36:53 2018
Quartus Prime Version 17.1.0 Build 590 10/25/2017 SJ Lite Edition


---------------------
; Table of Contents ;
---------------------
  1. Legal Notice
  2. Analysis & Synthesis Summary
  3. Analysis & Synthesis Settings
  4. Parallel Compilation
  5. Analysis & Synthesis Source Files Read
  6. Analysis & Synthesis Resource Usage Summary
  7. Analysis & Synthesis Resource Utilization by Entity
  8. State Machine - |ps2_kbd_test|kbdex_ctrl:kbd_ctrl|cmdstate
  9. State Machine - |ps2_kbd_test|kbdex_ctrl:kbd_ctrl|state
 10. User-Specified and Inferred Latches
 11. Registers Removed During Synthesis
 12. Removed Registers Triggering Further Register Optimizations
 13. General Register Statistics
 14. Inverted Register Statistics
 15. Multiplexer Restructuring Statistics (Restructuring Performed)
 16. Parameter Settings for User Entity Instance: kbdex_ctrl:kbd_ctrl
 17. Parameter Settings for User Entity Instance: kbdex_ctrl:kbd_ctrl|ps2_iobase:ps2_ctrl
 18. Port Connectivity Checks: "kbdex_ctrl:kbd_ctrl"
 19. Post-Synthesis Netlist Statistics for Top Partition
 20. Elapsed Time Per Partition
 21. Analysis & Synthesis Messages



----------------
; Legal Notice ;
----------------
Copyright (C) 2017  Intel Corporation. All rights reserved.
Your use of Intel Corporation's design tools, logic functions 
and other software and tools, and its AMPP partner logic 
functions, and any output files from any of the foregoing 
(including device programming or simulation files), and any 
associated documentation or information are expressly subject 
to the terms and conditions of the Intel Program License 
Subscription Agreement, the Intel Quartus Prime License Agreement,
the Intel FPGA IP License Agreement, or other applicable license
agreement, including, without limitation, that your use is for
the sole purpose of programming logic devices manufactured by
Intel and sold by Intel or its authorized distributors.  Please
refer to the applicable agreement for further details.



+-------------------------------------------------------------------------------+
; Analysis & Synthesis Summary                                                  ;
+---------------------------------+---------------------------------------------+
; Analysis & Synthesis Status     ; Successful - Fri Apr  6 20:36:53 2018       ;
; Quartus Prime Version           ; 17.1.0 Build 590 10/25/2017 SJ Lite Edition ;
; Revision Name                   ; Teclado                                     ;
; Top-level Entity Name           ; ps2_kbd_test                                ;
; Family                          ; Cyclone V                                   ;
; Logic utilization (in ALMs)     ; N/A                                         ;
; Total registers                 ; 174                                         ;
; Total pins                      ; 55                                          ;
; Total virtual pins              ; 0                                           ;
; Total block memory bits         ; 0                                           ;
; Total DSP Blocks                ; 0                                           ;
; Total HSSI RX PCSs              ; 0                                           ;
; Total HSSI PMA RX Deserializers ; 0                                           ;
; Total HSSI TX PCSs              ; 0                                           ;
; Total HSSI PMA TX Serializers   ; 0                                           ;
; Total PLLs                      ; 0                                           ;
; Total DLLs                      ; 0                                           ;
+---------------------------------+---------------------------------------------+


+---------------------------------------------------------------------------------------------------------------------------+
; Analysis & Synthesis Settings                                                                                             ;
+---------------------------------------------------------------------------------+--------------------+--------------------+
; Option                                                                          ; Setting            ; Default Value      ;
+---------------------------------------------------------------------------------+--------------------+--------------------+
; Device                                                                          ; 5CSEMA5F31C6       ;                    ;
; Top-level entity name                                                           ; ps2_kbd_test       ; Teclado            ;
; Family name                                                                     ; Cyclone V          ; Cyclone V          ;
; Use smart compilation                                                           ; Off                ; Off                ;
; Enable parallel Assembler and TimeQuest Timing Analyzer during compilation      ; On                 ; On                 ;
; Enable compact report table                                                     ; Off                ; Off                ;
; Restructure Multiplexers                                                        ; Auto               ; Auto               ;
; MLAB Add Timing Constraints For Mixed-Port Feed-Through Mode Setting Don't Care ; Off                ; Off                ;
; Create Debugging Nodes for IP Cores                                             ; Off                ; Off                ;
; Preserve fewer node names                                                       ; On                 ; On                 ;
; Intel FPGA IP Evaluation Mode                                                   ; Enable             ; Enable             ;
; Verilog Version                                                                 ; Verilog_2001       ; Verilog_2001       ;
; VHDL Version                                                                    ; VHDL_1993          ; VHDL_1993          ;
; State Machine Processing                                                        ; Auto               ; Auto               ;
; Safe State Machine                                                              ; Off                ; Off                ;
; Extract Verilog State Machines                                                  ; On                 ; On                 ;
; Extract VHDL State Machines                                                     ; On                 ; On                 ;
; Ignore Verilog initial constructs                                               ; Off                ; Off                ;
; Iteration limit for constant Verilog loops                                      ; 5000               ; 5000               ;
; Iteration limit for non-constant Verilog loops                                  ; 250                ; 250                ;
; Add Pass-Through Logic to Inferred RAMs                                         ; On                 ; On                 ;
; Infer RAMs from Raw Logic                                                       ; On                 ; On                 ;
; Parallel Synthesis                                                              ; On                 ; On                 ;
; DSP Block Balancing                                                             ; Auto               ; Auto               ;
; NOT Gate Push-Back                                                              ; On                 ; On                 ;
; Power-Up Don't Care                                                             ; On                 ; On                 ;
; Remove Redundant Logic Cells                                                    ; Off                ; Off                ;
; Remove Duplicate Registers                                                      ; On                 ; On                 ;
; Ignore CARRY Buffers                                                            ; Off                ; Off                ;
; Ignore CASCADE Buffers                                                          ; Off                ; Off                ;
; Ignore GLOBAL Buffers                                                           ; Off                ; Off                ;
; Ignore ROW GLOBAL Buffers                                                       ; Off                ; Off                ;
; Ignore LCELL Buffers                                                            ; Off                ; Off                ;
; Ignore SOFT Buffers                                                             ; On                 ; On                 ;
; Limit AHDL Integers to 32 Bits                                                  ; Off                ; Off                ;
; Optimization Technique                                                          ; Balanced           ; Balanced           ;
; Carry Chain Length                                                              ; 70                 ; 70                 ;
; Auto Carry Chains                                                               ; On                 ; On                 ;
; Auto Open-Drain Pins                                                            ; On                 ; On                 ;
; Perform WYSIWYG Primitive Resynthesis                                           ; Off                ; Off                ;
; Auto ROM Replacement                                                            ; On                 ; On                 ;
; Auto RAM Replacement                                                            ; On                 ; On                 ;
; Auto DSP Block Replacement                                                      ; On                 ; On                 ;
; Auto Shift Register Replacement                                                 ; Auto               ; Auto               ;
; Allow Shift Register Merging across Hierarchies                                 ; Auto               ; Auto               ;
; Auto Clock Enable Replacement                                                   ; On                 ; On                 ;
; Strict RAM Replacement                                                          ; Off                ; Off                ;
; Allow Synchronous Control Signals                                               ; On                 ; On                 ;
; Force Use of Synchronous Clear Signals                                          ; Off                ; Off                ;
; Auto Resource Sharing                                                           ; Off                ; Off                ;
; Allow Any RAM Size For Recognition                                              ; Off                ; Off                ;
; Allow Any ROM Size For Recognition                                              ; Off                ; Off                ;
; Allow Any Shift Register Size For Recognition                                   ; Off                ; Off                ;
; Use LogicLock Constraints during Resource Balancing                             ; On                 ; On                 ;
; Ignore translate_off and synthesis_off directives                               ; Off                ; Off                ;
; Timing-Driven Synthesis                                                         ; On                 ; On                 ;
; Report Parameter Settings                                                       ; On                 ; On                 ;
; Report Source Assignments                                                       ; On                 ; On                 ;
; Report Connectivity Checks                                                      ; On                 ; On                 ;
; Ignore Maximum Fan-Out Assignments                                              ; Off                ; Off                ;
; Synchronization Register Chain Length                                           ; 3                  ; 3                  ;
; Power Optimization During Synthesis                                             ; Normal compilation ; Normal compilation ;
; HDL message level                                                               ; Level2             ; Level2             ;
; Suppress Register Optimization Related Messages                                 ; Off                ; Off                ;
; Number of Removed Registers Reported in Synthesis Report                        ; 5000               ; 5000               ;
; Number of Swept Nodes Reported in Synthesis Report                              ; 5000               ; 5000               ;
; Number of Inverted Registers Reported in Synthesis Report                       ; 100                ; 100                ;
; Clock MUX Protection                                                            ; On                 ; On                 ;
; Auto Gated Clock Conversion                                                     ; Off                ; Off                ;
; Block Design Naming                                                             ; Auto               ; Auto               ;
; SDC constraint protection                                                       ; Off                ; Off                ;
; Synthesis Effort                                                                ; Auto               ; Auto               ;
; Shift Register Replacement - Allow Asynchronous Clear Signal                    ; On                 ; On                 ;
; Pre-Mapping Resynthesis Optimization                                            ; Off                ; Off                ;
; Analysis & Synthesis Message Level                                              ; Medium             ; Medium             ;
; Disable Register Merging Across Hierarchies                                     ; Auto               ; Auto               ;
; Resource Aware Inference For Block RAM                                          ; On                 ; On                 ;
; Automatic Parallel Synthesis                                                    ; On                 ; On                 ;
; Partial Reconfiguration Bitstream ID                                            ; Off                ; Off                ;
+---------------------------------------------------------------------------------+--------------------+--------------------+


+------------------------------------------+
; Parallel Compilation                     ;
+----------------------------+-------------+
; Processors                 ; Number      ;
+----------------------------+-------------+
; Number detected on machine ; 4           ;
; Maximum allowed            ; 4           ;
;                            ;             ;
; Average used               ; 1.00        ;
; Maximum used               ; 4           ;
;                            ;             ;
; Usage by Processor         ; % Time Used ;
;     Processor 1            ; 100.0%      ;
;     Processor 2            ;   0.0%      ;
;     Processors 3-4         ;   0.0%      ;
+----------------------------+-------------+


+------------------------------------------------------------------------------------------------------------------------------------------------------------------------+
; Analysis & Synthesis Source Files Read                                                                                                                                 ;
+----------------------------------+-----------------+-----------------+---------------------------------------------------------------------------------------+---------+
; File Name with User-Entered Path ; Used in Netlist ; File Type       ; File Name with Absolute Path                                                          ; Library ;
+----------------------------------+-----------------+-----------------+---------------------------------------------------------------------------------------+---------+
; ps2_kbd_test.vhd                 ; yes             ; User VHDL File  ; /home/ec2015/ra175188/MC613-Digital-Circuit-Laboratory/Lab06/Teclado/ps2_kbd_test.vhd ;         ;
; ps2_iobase.vhd                   ; yes             ; User VHDL File  ; /home/ec2015/ra175188/MC613-Digital-Circuit-Laboratory/Lab06/Teclado/ps2_iobase.vhd   ;         ;
; bin2hex.vhd                      ; yes             ; User VHDL File  ; /home/ec2015/ra175188/MC613-Digital-Circuit-Laboratory/Lab06/Teclado/bin2hex.vhd      ;         ;
; kbdex_ctrl.vhd                   ; yes             ; User VHDL File  ; /home/ec2015/ra175188/MC613-Digital-Circuit-Laboratory/Lab06/Teclado/kbdex_ctrl.vhd   ;         ;
+----------------------------------+-----------------+-----------------+---------------------------------------------------------------------------------------+---------+


+--------------------------------------------------------------+
; Analysis & Synthesis Resource Usage Summary                  ;
+---------------------------------------------+----------------+
; Resource                                    ; Usage          ;
+---------------------------------------------+----------------+
; Estimate of Logic utilization (ALMs needed) ; 164            ;
;                                             ;                ;
; Combinational ALUT usage for logic          ; 276            ;
;     -- 7 input functions                    ; 1              ;
;     -- 6 input functions                    ; 45             ;
;     -- 5 input functions                    ; 28             ;
;     -- 4 input functions                    ; 51             ;
;     -- <=3 input functions                  ; 151            ;
;                                             ;                ;
; Dedicated logic registers                   ; 174            ;
;                                             ;                ;
; I/O pins                                    ; 55             ;
;                                             ;                ;
; Total DSP Blocks                            ; 0              ;
;                                             ;                ;
; Maximum fan-out node                        ; CLOCK_50~input ;
; Maximum fan-out                             ; 144            ;
; Total fan-out                               ; 1634           ;
; Average fan-out                             ; 2.91           ;
+---------------------------------------------+----------------+


+----------------------------------------------------------------------------------------------------------------------------------------------------------------------------------------------------------------------------+
; Analysis & Synthesis Resource Utilization by Entity                                                                                                                                                                        ;
+-----------------------------+---------------------+---------------------------+-------------------+------------+------+--------------+-------------------------------------------------------+--------------+--------------+
; Compilation Hierarchy Node  ; Combinational ALUTs ; Dedicated Logic Registers ; Block Memory Bits ; DSP Blocks ; Pins ; Virtual Pins ; Full Hierarchy Name                                   ; Entity Name  ; Library Name ;
+-----------------------------+---------------------+---------------------------+-------------------+------------+------+--------------+-------------------------------------------------------+--------------+--------------+
; |ps2_kbd_test               ; 276 (39)            ; 174 (29)                  ; 0                 ; 0          ; 55   ; 0            ; |ps2_kbd_test                                         ; ps2_kbd_test ; work         ;
;    |bin2hex:hexseg0|        ; 7 (7)               ; 0 (0)                     ; 0                 ; 0          ; 0    ; 0            ; |ps2_kbd_test|bin2hex:hexseg0                         ; bin2hex      ; work         ;
;    |bin2hex:hexseg1|        ; 7 (7)               ; 0 (0)                     ; 0                 ; 0          ; 0    ; 0            ; |ps2_kbd_test|bin2hex:hexseg1                         ; bin2hex      ; work         ;
;    |kbdex_ctrl:kbd_ctrl|    ; 223 (85)            ; 145 (64)                  ; 0                 ; 0          ; 0    ; 0            ; |ps2_kbd_test|kbdex_ctrl:kbd_ctrl                     ; kbdex_ctrl   ; work         ;
;       |ps2_iobase:ps2_ctrl| ; 138 (138)           ; 81 (81)                   ; 0                 ; 0          ; 0    ; 0            ; |ps2_kbd_test|kbdex_ctrl:kbd_ctrl|ps2_iobase:ps2_ctrl ; ps2_iobase   ; work         ;
+-----------------------------+---------------------+---------------------------+-------------------+------------+------+--------------+-------------------------------------------------------+--------------+--------------+
Note: For table entries with two numbers listed, the numbers in parentheses indicate the number of resources of the given type used by the specific entity alone. The numbers listed outside of parentheses indicate the total resources of the given type used by the specific entity and all of its sub-entities in the hierarchy.


Encoding Type:  One-Hot
+------------------------------------------------------------------------------------------------------------------------------------------------------+
; State Machine - |ps2_kbd_test|kbdex_ctrl:kbd_ctrl|cmdstate                                                                                           ;
+--------------------+----------------+-------------------+------------------+--------------------+------------------+---------------+-----------------+
; Name               ; cmdstate.CLEAR ; cmdstate.WAITACK1 ; cmdstate.SENDVAL ; cmdstate.SETLIGHTS ; cmdstate.WAITACK ; cmdstate.SEND ; cmdstate.SETCMD ;
+--------------------+----------------+-------------------+------------------+--------------------+------------------+---------------+-----------------+
; cmdstate.SETCMD    ; 0              ; 0                 ; 0                ; 0                  ; 0                ; 0             ; 0               ;
; cmdstate.SEND      ; 0              ; 0                 ; 0                ; 0                  ; 0                ; 1             ; 1               ;
; cmdstate.WAITACK   ; 0              ; 0                 ; 0                ; 0                  ; 1                ; 0             ; 1               ;
; cmdstate.SETLIGHTS ; 0              ; 0                 ; 0                ; 1                  ; 0                ; 0             ; 1               ;
; cmdstate.SENDVAL   ; 0              ; 0                 ; 1                ; 0                  ; 0                ; 0             ; 1               ;
; cmdstate.WAITACK1  ; 0              ; 1                 ; 0                ; 0                  ; 0                ; 0             ; 1               ;
; cmdstate.CLEAR     ; 1              ; 0                 ; 0                ; 0                  ; 0                ; 0             ; 1               ;
+--------------------+----------------+-------------------+------------------+--------------------+------------------+---------------+-----------------+


Encoding Type:  One-Hot
+------------------------------------------------------------------------------------------------------------------------------+
; State Machine - |ps2_kbd_test|kbdex_ctrl:kbd_ctrl|state                                                                      ;
+---------------+-------------+------------+------------+---------------+------------+--------------+-------------+------------+
; Name          ; state.CLRDP ; state.EXT1 ; state.EXT0 ; state.RELEASE ; state.CODE ; state.DECODE ; state.FETCH ; state.IDLE ;
+---------------+-------------+------------+------------+---------------+------------+--------------+-------------+------------+
; state.IDLE    ; 0           ; 0          ; 0          ; 0             ; 0          ; 0            ; 0           ; 0          ;
; state.FETCH   ; 0           ; 0          ; 0          ; 0             ; 0          ; 0            ; 1           ; 1          ;
; state.DECODE  ; 0           ; 0          ; 0          ; 0             ; 0          ; 1            ; 0           ; 1          ;
; state.CODE    ; 0           ; 0          ; 0          ; 0             ; 1          ; 0            ; 0           ; 1          ;
; state.RELEASE ; 0           ; 0          ; 0          ; 1             ; 0          ; 0            ; 0           ; 1          ;
; state.EXT0    ; 0           ; 0          ; 1          ; 0             ; 0          ; 0            ; 0           ; 1          ;
; state.EXT1    ; 0           ; 1          ; 0          ; 0             ; 0          ; 0            ; 0           ; 1          ;
; state.CLRDP   ; 1           ; 0          ; 0          ; 0             ; 0          ; 0            ; 0           ; 1          ;
+---------------+-------------+------------+------------+---------------+------------+--------------+-------------+------------+


+---------------------------------------------------------------------------------------------------+
; User-Specified and Inferred Latches                                                               ;
+----------------------------------------------------+---------------------+------------------------+
; Latch Name                                         ; Latch Enable Signal ; Free of Timing Hazards ;
+----------------------------------------------------+---------------------+------------------------+
; kbdex_ctrl:kbd_ctrl|selbt                          ; GND                 ; yes                    ;
; kbdex_ctrl:kbd_ctrl|relbt                          ; GND                 ; yes                    ;
; kbdex_ctrl:kbd_ctrl|selE0                          ; GND                 ; yes                    ;
; Number of user-specified and inferred latches = 3  ;                     ;                        ;
+----------------------------------------------------+---------------------+------------------------+
Note: All latches listed above may not be present at the end of synthesis due to various synthesis optimizations.


+---------------------------------------------------------------------------------------------------------------------+
; Registers Removed During Synthesis                                                                                  ;
+------------------------------------------------------+--------------------------------------------------------------+
; Register name                                        ; Reason for Removal                                           ;
+------------------------------------------------------+--------------------------------------------------------------+
; kbdex_ctrl:kbd_ctrl|key2code[8..12]                  ; Stuck at GND due to stuck port data_in                       ;
; kbdex_ctrl:kbd_ctrl|hdata[4]                         ; Stuck at GND due to stuck port data_in                       ;
; kbdex_ctrl:kbd_ctrl|key1code[8..12]                  ; Stuck at GND due to stuck port data_in                       ;
; kbdex_ctrl:kbd_ctrl|key0code[8..12]                  ; Stuck at GND due to stuck port data_in                       ;
; kbdex_ctrl:kbd_ctrl|ps2_iobase:ps2_ctrl|hdata[4]     ; Stuck at GND due to stuck port data_in                       ;
; kbdex_ctrl:kbd_ctrl|ps2_iobase:ps2_ctrl|ps2_clk~reg0 ; Stuck at GND due to stuck port data_in                       ;
; kbdex_ctrl:kbd_ctrl|key2code[14,15]                  ; Merged with kbdex_ctrl:kbd_ctrl|key2code[13]                 ;
; kbdex_ctrl:kbd_ctrl|key1code[14,15]                  ; Merged with kbdex_ctrl:kbd_ctrl|key1code[13]                 ;
; kbdex_ctrl:kbd_ctrl|key0code[14,15]                  ; Merged with kbdex_ctrl:kbd_ctrl|key0code[13]                 ;
; kbdex_ctrl:kbd_ctrl|ps2_iobase:ps2_ctrl|hdata[5..7]  ; Merged with kbdex_ctrl:kbd_ctrl|ps2_iobase:ps2_ctrl|hdata[3] ;
; kbdex_ctrl:kbd_ctrl|hdata[5..7]                      ; Merged with kbdex_ctrl:kbd_ctrl|hdata[3]                     ;
; Total Number of Removed Registers = 30               ;                                                              ;
+------------------------------------------------------+--------------------------------------------------------------+


+-------------------------------------------------------------------------------------------------------------+
; Removed Registers Triggering Further Register Optimizations                                                 ;
+------------------------------+---------------------------+--------------------------------------------------+
; Register name                ; Reason for Removal        ; Registers Removed due to This Register           ;
+------------------------------+---------------------------+--------------------------------------------------+
; kbdex_ctrl:kbd_ctrl|hdata[4] ; Stuck at GND              ; kbdex_ctrl:kbd_ctrl|ps2_iobase:ps2_ctrl|hdata[4] ;
;                              ; due to stuck port data_in ;                                                  ;
+------------------------------+---------------------------+--------------------------------------------------+


+------------------------------------------------------+
; General Register Statistics                          ;
+----------------------------------------------+-------+
; Statistic                                    ; Value ;
+----------------------------------------------+-------+
; Total registers                              ; 174   ;
; Number of registers using Synchronous Clear  ; 0     ;
; Number of registers using Synchronous Load   ; 0     ;
; Number of registers using Asynchronous Clear ; 142   ;
; Number of registers using Asynchronous Load  ; 0     ;
; Number of registers using Clock Enable       ; 113   ;
; Number of registers using Preset             ; 0     ;
+----------------------------------------------+-------+


+------------------------------------------------------------------+
; Inverted Register Statistics                                     ;
+--------------------------------------------------------+---------+
; Inverted Register                                      ; Fan out ;
+--------------------------------------------------------+---------+
; kbdex_ctrl:kbd_ctrl|sigsending                         ; 2       ;
; kbdex_ctrl:kbd_ctrl|ps2_iobase:ps2_ctrl|sigclkreleased ; 3       ;
; lights[0]                                              ; 7       ;
; Total number of inverted registers = 3                 ;         ;
+--------------------------------------------------------+---------+


+-------------------------------------------------------------------------------------------------------------------------------------------------------------------------------+
; Multiplexer Restructuring Statistics (Restructuring Performed)                                                                                                                ;
+--------------------+-----------+---------------+----------------------+------------------------+------------+-----------------------------------------------------------------+
; Multiplexer Inputs ; Bus Width ; Baseline Area ; Area if Restructured ; Saving if Restructured ; Registered ; Example Multiplexer Output                                      ;
+--------------------+-----------+---------------+----------------------+------------------------+------------+-----------------------------------------------------------------+
; 3:1                ; 4 bits    ; 8 LEs         ; 4 LEs                ; 4 LEs                  ; Yes        ; |ps2_kbd_test|kbdex_ctrl:kbd_ctrl|ps2_iobase:ps2_ctrl|fcount[1] ;
; 3:1                ; 4 bits    ; 8 LEs         ; 4 LEs                ; 4 LEs                  ; Yes        ; |ps2_kbd_test|kbdex_ctrl:kbd_ctrl|ps2_iobase:ps2_ctrl|rcount[4] ;
; 3:1                ; 2 bits    ; 4 LEs         ; 2 LEs                ; 2 LEs                  ; Yes        ; |ps2_kbd_test|kbdex_ctrl:kbd_ctrl|hdata[2]                      ;
; 3:1                ; 5 bits    ; 10 LEs        ; 5 LEs                ; 5 LEs                  ; Yes        ; |ps2_kbd_test|kbdex_ctrl:kbd_ctrl|ps2_iobase:ps2_ctrl|fcount[8] ;
; 3:1                ; 5 bits    ; 10 LEs        ; 5 LEs                ; 5 LEs                  ; Yes        ; |ps2_kbd_test|kbdex_ctrl:kbd_ctrl|ps2_iobase:ps2_ctrl|rcount[8] ;
; 5:1                ; 2 bits    ; 6 LEs         ; 6 LEs                ; 0 LEs                  ; No         ; |ps2_kbd_test|kbdex_ctrl:kbd_ctrl|state.CODE                    ;
; 7:1                ; 2 bits    ; 8 LEs         ; 4 LEs                ; 4 LEs                  ; No         ; |ps2_kbd_test|kbdex_ctrl:kbd_ctrl|Selector13                    ;
; 8:1                ; 2 bits    ; 10 LEs        ; 6 LEs                ; 4 LEs                  ; No         ; |ps2_kbd_test|kbdex_ctrl:kbd_ctrl|Selector12                    ;
+--------------------+-----------+---------------+----------------------+------------------------+------------+-----------------------------------------------------------------+


+------------------------------------------------------------------+
; Parameter Settings for User Entity Instance: kbdex_ctrl:kbd_ctrl ;
+----------------+-------+-----------------------------------------+
; Parameter Name ; Value ; Type                                    ;
+----------------+-------+-----------------------------------------+
; clkfreq        ; 50000 ; Signed Integer                          ;
+----------------+-------+-----------------------------------------+
Note: In order to hide this table in the UI and the text report file, please set the "Show Parameter Settings in Synthesis Report" option in "Analysis and Synthesis Settings -> More Settings" to "Off".


+--------------------------------------------------------------------------------------+
; Parameter Settings for User Entity Instance: kbdex_ctrl:kbd_ctrl|ps2_iobase:ps2_ctrl ;
+----------------+-------+-------------------------------------------------------------+
; Parameter Name ; Value ; Type                                                        ;
+----------------+-------+-------------------------------------------------------------+
; clkfreq        ; 50000 ; Signed Integer                                              ;
+----------------+-------+-------------------------------------------------------------+
Note: In order to hide this table in the UI and the text report file, please set the "Show Parameter Settings in Synthesis Report" option in "Analysis and Synthesis Settings -> More Settings" to "Off".


+----------------------------------------------------------------------------------------------------------------------------+
; Port Connectivity Checks: "kbdex_ctrl:kbd_ctrl"                                                                            ;
+------------------+--------+----------+-------------------------------------------------------------------------------------+
; Port             ; Type   ; Severity ; Details                                                                             ;
+------------------+--------+----------+-------------------------------------------------------------------------------------+
; key_code[47..16] ; Output ; Info     ; Connected to dangling logic. Logic that only feeds a dangling port will be removed. ;
+------------------+--------+----------+-------------------------------------------------------------------------------------+


+-----------------------------------------------------+
; Post-Synthesis Netlist Statistics for Top Partition ;
+-----------------------+-----------------------------+
; Type                  ; Count                       ;
+-----------------------+-----------------------------+
; arriav_ff             ; 174                         ;
;     CLR               ; 36                          ;
;     ENA               ; 7                           ;
;     ENA CLR           ; 106                         ;
;     plain             ; 25                          ;
; arriav_io_obuf        ; 2                           ;
; arriav_lcell_comb     ; 281                         ;
;     arith             ; 73                          ;
;         1 data inputs ; 63                          ;
;         2 data inputs ; 10                          ;
;     extend            ; 1                           ;
;         7 data inputs ; 1                           ;
;     normal            ; 207                         ;
;         0 data inputs ; 2                           ;
;         1 data inputs ; 7                           ;
;         2 data inputs ; 45                          ;
;         3 data inputs ; 29                          ;
;         4 data inputs ; 51                          ;
;         5 data inputs ; 28                          ;
;         6 data inputs ; 45                          ;
; boundary_port         ; 55                          ;
;                       ;                             ;
; Max LUT depth         ; 4.60                        ;
; Average LUT depth     ; 2.59                        ;
+-----------------------+-----------------------------+


+-------------------------------+
; Elapsed Time Per Partition    ;
+----------------+--------------+
; Partition Name ; Elapsed Time ;
+----------------+--------------+
; Top            ; 00:00:00     ;
+----------------+--------------+


+-------------------------------+
; Analysis & Synthesis Messages ;
+-------------------------------+
Info: *******************************************************************
Info: Running Quartus Prime Analysis & Synthesis
    Info: Version 17.1.0 Build 590 10/25/2017 SJ Lite Edition
    Info: Processing started: Fri Apr  6 20:36:43 2018
Info: Command: quartus_map --read_settings_files=on --write_settings_files=off Teclado -c Teclado
Warning (18236): Number of processors has not been specified which may cause overloading on shared machines.  Set the global assignment NUM_PARALLEL_PROCESSORS in your QSF to an appropriate value for best performance.
Info (20030): Parallel compilation is enabled and will use 4 of the 4 processors detected
Info (12021): Found 2 design units, including 1 entities, in source file ps2_kbd_test.vhd
    Info (12022): Found design unit 1: ps2_kbd_test-struct File: /home/ec2015/ra175188/MC613-Digital-Circuit-Laboratory/Lab06/Teclado/ps2_kbd_test.vhd Line: 31
    Info (12023): Found entity 1: ps2_kbd_test File: /home/ec2015/ra175188/MC613-Digital-Circuit-Laboratory/Lab06/Teclado/ps2_kbd_test.vhd Line: 4
Info (12021): Found 2 design units, including 1 entities, in source file ps2_iobase.vhd
    Info (12022): Found design unit 1: ps2_iobase-rtl File: /home/ec2015/ra175188/MC613-Digital-Circuit-Laboratory/Lab06/Teclado/ps2_iobase.vhd Line: 41
    Info (12023): Found entity 1: ps2_iobase File: /home/ec2015/ra175188/MC613-Digital-Circuit-Laboratory/Lab06/Teclado/ps2_iobase.vhd Line: 20
Info (12021): Found 2 design units, including 1 entities, in source file bin2hex.vhd
    Info (12022): Found design unit 1: bin2hex-LogicFunction File: /home/ec2015/ra175188/MC613-Digital-Circuit-Laboratory/Lab06/Teclado/bin2hex.vhd Line: 11
    Info (12023): Found entity 1: bin2hex File: /home/ec2015/ra175188/MC613-Digital-Circuit-Laboratory/Lab06/Teclado/bin2hex.vhd Line: 4
Info (12021): Found 2 design units, including 1 entities, in source file kbdex_ctrl.vhd
    Info (12022): Found design unit 1: kbdex_ctrl-rtl File: /home/ec2015/ra175188/MC613-Digital-Circuit-Laboratory/Lab06/Teclado/kbdex_ctrl.vhd Line: 63
    Info (12023): Found entity 1: kbdex_ctrl File: /home/ec2015/ra175188/MC613-Digital-Circuit-Laboratory/Lab06/Teclado/kbdex_ctrl.vhd Line: 47
Info (12127): Elaborating entity "ps2_kbd_test" for the top level hierarchy
Critical Warning (10920): VHDL Incomplete Partial Association warning at ps2_kbd_test.vhd(74): port or argument "key_code" has 32/48 unassociated elements File: /home/ec2015/ra175188/MC613-Digital-Circuit-Laboratory/Lab06/Teclado/ps2_kbd_test.vhd Line: 74
Warning (10873): Using initial value X (don't care) for net "LEDR[9..8]" at ps2_kbd_test.vhd(23) File: /home/ec2015/ra175188/MC613-Digital-Circuit-Laboratory/Lab06/Teclado/ps2_kbd_test.vhd Line: 23
Warning (10873): Using initial value X (don't care) for net "LEDR[4..0]" at ps2_kbd_test.vhd(23) File: /home/ec2015/ra175188/MC613-Digital-Circuit-Laboratory/Lab06/Teclado/ps2_kbd_test.vhd Line: 23
Info (12128): Elaborating entity "bin2hex" for hierarchy "bin2hex:hexseg0" File: /home/ec2015/ra175188/MC613-Digital-Circuit-Laboratory/Lab06/Teclado/ps2_kbd_test.vhd Line: 61
Info (12128): Elaborating entity "kbdex_ctrl" for hierarchy "kbdex_ctrl:kbd_ctrl" File: /home/ec2015/ra175188/MC613-Digital-Circuit-Laboratory/Lab06/Teclado/ps2_kbd_test.vhd Line: 74
Warning (10492): VHDL Process Statement warning at kbdex_ctrl.vhd(125): signal "en" is read inside the Process Statement but isn't in the Process Statement's sensitivity list File: /home/ec2015/ra175188/MC613-Digital-Circuit-Laboratory/Lab06/Teclado/kbdex_ctrl.vhd Line: 125
Warning (10492): VHDL Process Statement warning at kbdex_ctrl.vhd(148): signal "fetchdata" is read inside the Process Statement but isn't in the Process Statement's sensitivity list File: /home/ec2015/ra175188/MC613-Digital-Circuit-Laboratory/Lab06/Teclado/kbdex_ctrl.vhd Line: 148
Warning (10492): VHDL Process Statement warning at kbdex_ctrl.vhd(150): signal "fetchdata" is read inside the Process Statement but isn't in the Process Statement's sensitivity list File: /home/ec2015/ra175188/MC613-Digital-Circuit-Laboratory/Lab06/Teclado/kbdex_ctrl.vhd Line: 150
Warning (10492): VHDL Process Statement warning at kbdex_ctrl.vhd(152): signal "fetchdata" is read inside the Process Statement but isn't in the Process Statement's sensitivity list File: /home/ec2015/ra175188/MC613-Digital-Circuit-Laboratory/Lab06/Teclado/kbdex_ctrl.vhd Line: 152
Warning (10492): VHDL Process Statement warning at kbdex_ctrl.vhd(203): signal "sigfetch" is read inside the Process Statement but isn't in the Process Statement's sensitivity list File: /home/ec2015/ra175188/MC613-Digital-Circuit-Laboratory/Lab06/Teclado/kbdex_ctrl.vhd Line: 203
Warning (10631): VHDL Process Statement warning at kbdex_ctrl.vhd(212): inferring latch(es) for signal or variable "selE0", which holds its previous value in one or more paths through the process File: /home/ec2015/ra175188/MC613-Digital-Circuit-Laboratory/Lab06/Teclado/kbdex_ctrl.vhd Line: 212
Warning (10492): VHDL Process Statement warning at kbdex_ctrl.vhd(237): signal "key0en" is read inside the Process Statement but isn't in the Process Statement's sensitivity list File: /home/ec2015/ra175188/MC613-Digital-Circuit-Laboratory/Lab06/Teclado/kbdex_ctrl.vhd Line: 237
Warning (10492): VHDL Process Statement warning at kbdex_ctrl.vhd(247): signal "key1en" is read inside the Process Statement but isn't in the Process Statement's sensitivity list File: /home/ec2015/ra175188/MC613-Digital-Circuit-Laboratory/Lab06/Teclado/kbdex_ctrl.vhd Line: 247
Warning (10492): VHDL Process Statement warning at kbdex_ctrl.vhd(257): signal "key2en" is read inside the Process Statement but isn't in the Process Statement's sensitivity list File: /home/ec2015/ra175188/MC613-Digital-Circuit-Laboratory/Lab06/Teclado/kbdex_ctrl.vhd Line: 257
Warning (10631): VHDL Process Statement warning at kbdex_ctrl.vhd(266): inferring latch(es) for signal or variable "relbt", which holds its previous value in one or more paths through the process File: /home/ec2015/ra175188/MC613-Digital-Circuit-Laboratory/Lab06/Teclado/kbdex_ctrl.vhd Line: 266
Warning (10631): VHDL Process Statement warning at kbdex_ctrl.vhd(276): inferring latch(es) for signal or variable "selbt", which holds its previous value in one or more paths through the process File: /home/ec2015/ra175188/MC613-Digital-Circuit-Laboratory/Lab06/Teclado/kbdex_ctrl.vhd Line: 276
Warning (10492): VHDL Process Statement warning at kbdex_ctrl.vhd(293): signal "datacode" is read inside the Process Statement but isn't in the Process Statement's sensitivity list File: /home/ec2015/ra175188/MC613-Digital-Circuit-Laboratory/Lab06/Teclado/kbdex_ctrl.vhd Line: 293
Warning (10492): VHDL Process Statement warning at kbdex_ctrl.vhd(293): signal "key0code" is read inside the Process Statement but isn't in the Process Statement's sensitivity list File: /home/ec2015/ra175188/MC613-Digital-Circuit-Laboratory/Lab06/Teclado/kbdex_ctrl.vhd Line: 293
Warning (10492): VHDL Process Statement warning at kbdex_ctrl.vhd(293): signal "key1code" is read inside the Process Statement but isn't in the Process Statement's sensitivity list File: /home/ec2015/ra175188/MC613-Digital-Circuit-Laboratory/Lab06/Teclado/kbdex_ctrl.vhd Line: 293
Warning (10492): VHDL Process Statement warning at kbdex_ctrl.vhd(294): signal "datacode" is read inside the Process Statement but isn't in the Process Statement's sensitivity list File: /home/ec2015/ra175188/MC613-Digital-Circuit-Laboratory/Lab06/Teclado/kbdex_ctrl.vhd Line: 294
Warning (10492): VHDL Process Statement warning at kbdex_ctrl.vhd(294): signal "key2code" is read inside the Process Statement but isn't in the Process Statement's sensitivity list File: /home/ec2015/ra175188/MC613-Digital-Circuit-Laboratory/Lab06/Teclado/kbdex_ctrl.vhd Line: 294
Warning (10492): VHDL Process Statement warning at kbdex_ctrl.vhd(295): signal "key0code" is read inside the Process Statement but isn't in the Process Statement's sensitivity list File: /home/ec2015/ra175188/MC613-Digital-Circuit-Laboratory/Lab06/Teclado/kbdex_ctrl.vhd Line: 295
Warning (10492): VHDL Process Statement warning at kbdex_ctrl.vhd(297): signal "key1code" is read inside the Process Statement but isn't in the Process Statement's sensitivity list File: /home/ec2015/ra175188/MC613-Digital-Circuit-Laboratory/Lab06/Teclado/kbdex_ctrl.vhd Line: 297
Warning (10492): VHDL Process Statement warning at kbdex_ctrl.vhd(299): signal "key2code" is read inside the Process Statement but isn't in the Process Statement's sensitivity list File: /home/ec2015/ra175188/MC613-Digital-Circuit-Laboratory/Lab06/Teclado/kbdex_ctrl.vhd Line: 299
Warning (10492): VHDL Process Statement warning at kbdex_ctrl.vhd(306): signal "datacode" is read inside the Process Statement but isn't in the Process Statement's sensitivity list File: /home/ec2015/ra175188/MC613-Digital-Circuit-Laboratory/Lab06/Teclado/kbdex_ctrl.vhd Line: 306
Warning (10492): VHDL Process Statement warning at kbdex_ctrl.vhd(307): signal "key0code" is read inside the Process Statement but isn't in the Process Statement's sensitivity list File: /home/ec2015/ra175188/MC613-Digital-Circuit-Laboratory/Lab06/Teclado/kbdex_ctrl.vhd Line: 307
Warning (10492): VHDL Process Statement warning at kbdex_ctrl.vhd(309): signal "key1code" is read inside the Process Statement but isn't in the Process Statement's sensitivity list File: /home/ec2015/ra175188/MC613-Digital-Circuit-Laboratory/Lab06/Teclado/kbdex_ctrl.vhd Line: 309
Warning (10492): VHDL Process Statement warning at kbdex_ctrl.vhd(311): signal "key2code" is read inside the Process Statement but isn't in the Process Statement's sensitivity list File: /home/ec2015/ra175188/MC613-Digital-Circuit-Laboratory/Lab06/Teclado/kbdex_ctrl.vhd Line: 311
Warning (10492): VHDL Process Statement warning at kbdex_ctrl.vhd(314): signal "datacode" is read inside the Process Statement but isn't in the Process Statement's sensitivity list File: /home/ec2015/ra175188/MC613-Digital-Circuit-Laboratory/Lab06/Teclado/kbdex_ctrl.vhd Line: 314
Warning (10492): VHDL Process Statement warning at kbdex_ctrl.vhd(315): signal "key0code" is read inside the Process Statement but isn't in the Process Statement's sensitivity list File: /home/ec2015/ra175188/MC613-Digital-Circuit-Laboratory/Lab06/Teclado/kbdex_ctrl.vhd Line: 315
Warning (10492): VHDL Process Statement warning at kbdex_ctrl.vhd(317): signal "key1code" is read inside the Process Statement but isn't in the Process Statement's sensitivity list File: /home/ec2015/ra175188/MC613-Digital-Circuit-Laboratory/Lab06/Teclado/kbdex_ctrl.vhd Line: 317
Warning (10492): VHDL Process Statement warning at kbdex_ctrl.vhd(319): signal "key2code" is read inside the Process Statement but isn't in the Process Statement's sensitivity list File: /home/ec2015/ra175188/MC613-Digital-Circuit-Laboratory/Lab06/Teclado/kbdex_ctrl.vhd Line: 319
Warning (10492): VHDL Process Statement warning at kbdex_ctrl.vhd(324): signal "key0code" is read inside the Process Statement but isn't in the Process Statement's sensitivity list File: /home/ec2015/ra175188/MC613-Digital-Circuit-Laboratory/Lab06/Teclado/kbdex_ctrl.vhd Line: 324
Warning (10492): VHDL Process Statement warning at kbdex_ctrl.vhd(324): signal "datacode" is read inside the Process Statement but isn't in the Process Statement's sensitivity list File: /home/ec2015/ra175188/MC613-Digital-Circuit-Laboratory/Lab06/Teclado/kbdex_ctrl.vhd Line: 324
Warning (10492): VHDL Process Statement warning at kbdex_ctrl.vhd(326): signal "key1code" is read inside the Process Statement but isn't in the Process Statement's sensitivity list File: /home/ec2015/ra175188/MC613-Digital-Circuit-Laboratory/Lab06/Teclado/kbdex_ctrl.vhd Line: 326
Warning (10492): VHDL Process Statement warning at kbdex_ctrl.vhd(326): signal "datacode" is read inside the Process Statement but isn't in the Process Statement's sensitivity list File: /home/ec2015/ra175188/MC613-Digital-Circuit-Laboratory/Lab06/Teclado/kbdex_ctrl.vhd Line: 326
Warning (10492): VHDL Process Statement warning at kbdex_ctrl.vhd(328): signal "key2code" is read inside the Process Statement but isn't in the Process Statement's sensitivity list File: /home/ec2015/ra175188/MC613-Digital-Circuit-Laboratory/Lab06/Teclado/kbdex_ctrl.vhd Line: 328
Warning (10492): VHDL Process Statement warning at kbdex_ctrl.vhd(328): signal "datacode" is read inside the Process Statement but isn't in the Process Statement's sensitivity list File: /home/ec2015/ra175188/MC613-Digital-Circuit-Laboratory/Lab06/Teclado/kbdex_ctrl.vhd Line: 328
Info (10041): Inferred latch for "selbt" at kbdex_ctrl.vhd(276) File: /home/ec2015/ra175188/MC613-Digital-Circuit-Laboratory/Lab06/Teclado/kbdex_ctrl.vhd Line: 276
Info (10041): Inferred latch for "relbt" at kbdex_ctrl.vhd(266) File: /home/ec2015/ra175188/MC613-Digital-Circuit-Laboratory/Lab06/Teclado/kbdex_ctrl.vhd Line: 266
Info (10041): Inferred latch for "selE0" at kbdex_ctrl.vhd(212) File: /home/ec2015/ra175188/MC613-Digital-Circuit-Laboratory/Lab06/Teclado/kbdex_ctrl.vhd Line: 212
Info (12128): Elaborating entity "ps2_iobase" for hierarchy "kbdex_ctrl:kbd_ctrl|ps2_iobase:ps2_ctrl" File: /home/ec2015/ra175188/MC613-Digital-Circuit-Laboratory/Lab06/Teclado/kbdex_ctrl.vhd Line: 114
Warning (10492): VHDL Process Statement warning at ps2_iobase.vhd(161): signal "sigsending" is read inside the Process Statement but isn't in the Process Statement's sensitivity list File: /home/ec2015/ra175188/MC613-Digital-Circuit-Laboratory/Lab06/Teclado/ps2_iobase.vhd Line: 161
Warning (13004): Presettable and clearable registers converted to equivalent circuits with latches. Registers power-up to an undefined state, and DEVCLRn places the registers in an undefined state.
    Warning (13310): Register "kbdex_ctrl:kbd_ctrl|ps2_iobase:ps2_ctrl|ps2_data~en" is converted into an equivalent circuit using register "kbdex_ctrl:kbd_ctrl|ps2_iobase:ps2_ctrl|ps2_data~en_emulated" and latch "kbdex_ctrl:kbd_ctrl|ps2_iobase:ps2_ctrl|ps2_data~1" File: /home/ec2015/ra175188/MC613-Digital-Circuit-Laboratory/Lab06/Teclado/ps2_iobase.vhd Line: 25
    Warning (13310): Register "kbdex_ctrl:kbd_ctrl|ps2_iobase:ps2_ctrl|send_rdy" is converted into an equivalent circuit using register "kbdex_ctrl:kbd_ctrl|ps2_iobase:ps2_ctrl|send_rdy~_emulated" and latch "kbdex_ctrl:kbd_ctrl|ps2_iobase:ps2_ctrl|send_rdy~1" File: /home/ec2015/ra175188/MC613-Digital-Circuit-Laboratory/Lab06/Teclado/ps2_iobase.vhd Line: 34
Warning (13024): Output pins are stuck at VCC or GND
    Warning (13410): Pin "HEX2[0]" is stuck at GND File: /home/ec2015/ra175188/MC613-Digital-Circuit-Laboratory/Lab06/Teclado/ps2_kbd_test.vhd Line: 19
    Warning (13410): Pin "HEX2[1]" is stuck at GND File: /home/ec2015/ra175188/MC613-Digital-Circuit-Laboratory/Lab06/Teclado/ps2_kbd_test.vhd Line: 19
    Warning (13410): Pin "HEX2[2]" is stuck at GND File: /home/ec2015/ra175188/MC613-Digital-Circuit-Laboratory/Lab06/Teclado/ps2_kbd_test.vhd Line: 19
    Warning (13410): Pin "HEX2[3]" is stuck at GND File: /home/ec2015/ra175188/MC613-Digital-Circuit-Laboratory/Lab06/Teclado/ps2_kbd_test.vhd Line: 19
    Warning (13410): Pin "HEX2[4]" is stuck at GND File: /home/ec2015/ra175188/MC613-Digital-Circuit-Laboratory/Lab06/Teclado/ps2_kbd_test.vhd Line: 19
    Warning (13410): Pin "HEX2[5]" is stuck at GND File: /home/ec2015/ra175188/MC613-Digital-Circuit-Laboratory/Lab06/Teclado/ps2_kbd_test.vhd Line: 19
    Warning (13410): Pin "HEX2[6]" is stuck at VCC File: /home/ec2015/ra175188/MC613-Digital-Circuit-Laboratory/Lab06/Teclado/ps2_kbd_test.vhd Line: 19
    Warning (13410): Pin "HEX3[0]" is stuck at GND File: /home/ec2015/ra175188/MC613-Digital-Circuit-Laboratory/Lab06/Teclado/ps2_kbd_test.vhd Line: 20
    Warning (13410): Pin "HEX3[3]" is stuck at GND File: /home/ec2015/ra175188/MC613-Digital-Circuit-Laboratory/Lab06/Teclado/ps2_kbd_test.vhd Line: 20
    Warning (13410): Pin "HEX3[4]" is stuck at GND File: /home/ec2015/ra175188/MC613-Digital-Circuit-Laboratory/Lab06/Teclado/ps2_kbd_test.vhd Line: 20
    Warning (13410): Pin "HEX3[5]" is stuck at GND File: /home/ec2015/ra175188/MC613-Digital-Circuit-Laboratory/Lab06/Teclado/ps2_kbd_test.vhd Line: 20
    Warning (13410): Pin "LEDR[0]" is stuck at GND File: /home/ec2015/ra175188/MC613-Digital-Circuit-Laboratory/Lab06/Teclado/ps2_kbd_test.vhd Line: 23
    Warning (13410): Pin "LEDR[1]" is stuck at GND File: /home/ec2015/ra175188/MC613-Digital-Circuit-Laboratory/Lab06/Teclado/ps2_kbd_test.vhd Line: 23
    Warning (13410): Pin "LEDR[2]" is stuck at GND File: /home/ec2015/ra175188/MC613-Digital-Circuit-Laboratory/Lab06/Teclado/ps2_kbd_test.vhd Line: 23
    Warning (13410): Pin "LEDR[3]" is stuck at GND File: /home/ec2015/ra175188/MC613-Digital-Circuit-Laboratory/Lab06/Teclado/ps2_kbd_test.vhd Line: 23
    Warning (13410): Pin "LEDR[4]" is stuck at GND File: /home/ec2015/ra175188/MC613-Digital-Circuit-Laboratory/Lab06/Teclado/ps2_kbd_test.vhd Line: 23
    Warning (13410): Pin "LEDR[8]" is stuck at GND File: /home/ec2015/ra175188/MC613-Digital-Circuit-Laboratory/Lab06/Teclado/ps2_kbd_test.vhd Line: 23
    Warning (13410): Pin "LEDR[9]" is stuck at GND File: /home/ec2015/ra175188/MC613-Digital-Circuit-Laboratory/Lab06/Teclado/ps2_kbd_test.vhd Line: 23
Info (286030): Timing-Driven Synthesis is running
Critical Warning (18061): Ignored Power-Up Level option on the following registers
    Critical Warning (18010): Register kbdex_ctrl:kbd_ctrl|ps2_iobase:ps2_ctrl|fcount[8] will power up to Low File: /home/ec2015/ra175188/MC613-Digital-Circuit-Laboratory/Lab06/Teclado/ps2_iobase.vhd Line: 52
    Critical Warning (18010): Register kbdex_ctrl:kbd_ctrl|ps2_iobase:ps2_ctrl|fcount[6] will power up to Low File: /home/ec2015/ra175188/MC613-Digital-Circuit-Laboratory/Lab06/Teclado/ps2_iobase.vhd Line: 52
    Critical Warning (18010): Register kbdex_ctrl:kbd_ctrl|ps2_iobase:ps2_ctrl|fcount[3] will power up to Low File: /home/ec2015/ra175188/MC613-Digital-Circuit-Laboratory/Lab06/Teclado/ps2_iobase.vhd Line: 52
    Critical Warning (18010): Register kbdex_ctrl:kbd_ctrl|ps2_iobase:ps2_ctrl|fcount[2] will power up to Low File: /home/ec2015/ra175188/MC613-Digital-Circuit-Laboratory/Lab06/Teclado/ps2_iobase.vhd Line: 52
    Critical Warning (18010): Register kbdex_ctrl:kbd_ctrl|ps2_iobase:ps2_ctrl|fcount[0] will power up to Low File: /home/ec2015/ra175188/MC613-Digital-Circuit-Laboratory/Lab06/Teclado/ps2_iobase.vhd Line: 52
    Critical Warning (18010): Register kbdex_ctrl:kbd_ctrl|ps2_iobase:ps2_ctrl|rcount[8] will power up to Low File: /home/ec2015/ra175188/MC613-Digital-Circuit-Laboratory/Lab06/Teclado/ps2_iobase.vhd Line: 52
    Critical Warning (18010): Register kbdex_ctrl:kbd_ctrl|ps2_iobase:ps2_ctrl|rcount[6] will power up to Low File: /home/ec2015/ra175188/MC613-Digital-Circuit-Laboratory/Lab06/Teclado/ps2_iobase.vhd Line: 52
    Critical Warning (18010): Register kbdex_ctrl:kbd_ctrl|ps2_iobase:ps2_ctrl|rcount[3] will power up to Low File: /home/ec2015/ra175188/MC613-Digital-Circuit-Laboratory/Lab06/Teclado/ps2_iobase.vhd Line: 52
    Critical Warning (18010): Register kbdex_ctrl:kbd_ctrl|ps2_iobase:ps2_ctrl|rcount[2] will power up to Low File: /home/ec2015/ra175188/MC613-Digital-Circuit-Laboratory/Lab06/Teclado/ps2_iobase.vhd Line: 52
    Critical Warning (18010): Register kbdex_ctrl:kbd_ctrl|ps2_iobase:ps2_ctrl|rcount[0] will power up to Low File: /home/ec2015/ra175188/MC613-Digital-Circuit-Laboratory/Lab06/Teclado/ps2_iobase.vhd Line: 52
Info (16010): Generating hard_block partition "hard_block:auto_generated_inst"
    Info (16011): Adding 0 node(s), including 0 DDIO, 0 PLL, 0 transceiver and 0 LCELL
Warning (21074): Design contains 12 input pin(s) that do not drive logic
    Warning (15610): No output dependent on input pin "KEY[2]" File: /home/ec2015/ra175188/MC613-Digital-Circuit-Laboratory/Lab06/Teclado/ps2_kbd_test.vhd Line: 11
    Warning (15610): No output dependent on input pin "KEY[3]" File: /home/ec2015/ra175188/MC613-Digital-Circuit-Laboratory/Lab06/Teclado/ps2_kbd_test.vhd Line: 11
    Warning (15610): No output dependent on input pin "SW[0]" File: /home/ec2015/ra175188/MC613-Digital-Circuit-Laboratory/Lab06/Teclado/ps2_kbd_test.vhd Line: 14
    Warning (15610): No output dependent on input pin "SW[1]" File: /home/ec2015/ra175188/MC613-Digital-Circuit-Laboratory/Lab06/Teclado/ps2_kbd_test.vhd Line: 14
    Warning (15610): No output dependent on input pin "SW[2]" File: /home/ec2015/ra175188/MC613-Digital-Circuit-Laboratory/Lab06/Teclado/ps2_kbd_test.vhd Line: 14
    Warning (15610): No output dependent on input pin "SW[3]" File: /home/ec2015/ra175188/MC613-Digital-Circuit-Laboratory/Lab06/Teclado/ps2_kbd_test.vhd Line: 14
    Warning (15610): No output dependent on input pin "SW[4]" File: /home/ec2015/ra175188/MC613-Digital-Circuit-Laboratory/Lab06/Teclado/ps2_kbd_test.vhd Line: 14
    Warning (15610): No output dependent on input pin "SW[5]" File: /home/ec2015/ra175188/MC613-Digital-Circuit-Laboratory/Lab06/Teclado/ps2_kbd_test.vhd Line: 14
    Warning (15610): No output dependent on input pin "SW[6]" File: /home/ec2015/ra175188/MC613-Digital-Circuit-Laboratory/Lab06/Teclado/ps2_kbd_test.vhd Line: 14
    Warning (15610): No output dependent on input pin "SW[7]" File: /home/ec2015/ra175188/MC613-Digital-Circuit-Laboratory/Lab06/Teclado/ps2_kbd_test.vhd Line: 14
    Warning (15610): No output dependent on input pin "SW[8]" File: /home/ec2015/ra175188/MC613-Digital-Circuit-Laboratory/Lab06/Teclado/ps2_kbd_test.vhd Line: 14
    Warning (15610): No output dependent on input pin "SW[9]" File: /home/ec2015/ra175188/MC613-Digital-Circuit-Laboratory/Lab06/Teclado/ps2_kbd_test.vhd Line: 14
Info (21057): Implemented 380 device resources after synthesis - the final resource count might be different
    Info (21058): Implemented 15 input pins
    Info (21059): Implemented 38 output pins
    Info (21060): Implemented 2 bidirectional pins
    Info (21061): Implemented 325 logic cells
Info: Quartus Prime Analysis & Synthesis was successful. 0 errors, 84 warnings
    Info: Peak virtual memory: 1182 megabytes
    Info: Processing ended: Fri Apr  6 20:36:53 2018
    Info: Elapsed time: 00:00:10
    Info: Total CPU time (on all processors): 00:00:21


