Analysis & Synthesis report for alu
Wed Mar 21 18:30:37 2018
Quartus Prime Version 17.1.0 Build 590 10/25/2017 SJ Lite Edition


---------------------
; Table of Contents ;
---------------------
  1. Legal Notice
  2. Analysis & Synthesis Summary
  3. Analysis & Synthesis Settings
  4. Parallel Compilation
  5. Analysis & Synthesis Source Files Read
  6. Analysis & Synthesis Resource Usage Summary
  7. Analysis & Synthesis Resource Utilization by Entity
  8. General Register Statistics
  9. Multiplexer Restructuring Statistics (Restructuring Performed)
 10. Parameter Settings for User Entity Instance: alu:faz_os_baguio|ripple_carry:add
 11. Parameter Settings for User Entity Instance: alu:faz_os_baguio|ripple_carry:sub
 12. Port Connectivity Checks: "alu:faz_os_baguio|ripple_carry:sub"
 13. Port Connectivity Checks: "alu:faz_os_baguio|ripple_carry:add"
 14. Post-Synthesis Netlist Statistics for Top Partition
 15. Elapsed Time Per Partition
 16. Analysis & Synthesis Messages



----------------
; Legal Notice ;
----------------
Copyright (C) 2017  Intel Corporation. All rights reserved.
Your use of Intel Corporation's design tools, logic functions 
and other software and tools, and its AMPP partner logic 
functions, and any output files from any of the foregoing 
(including device programming or simulation files), and any 
associated documentation or information are expressly subject 
to the terms and conditions of the Intel Program License 
Subscription Agreement, the Intel Quartus Prime License Agreement,
the Intel FPGA IP License Agreement, or other applicable license
agreement, including, without limitation, that your use is for
the sole purpose of programming logic devices manufactured by
Intel and sold by Intel or its authorized distributors.  Please
refer to the applicable agreement for further details.



+-------------------------------------------------------------------------------+
; Analysis & Synthesis Summary                                                  ;
+---------------------------------+---------------------------------------------+
; Analysis & Synthesis Status     ; Successful - Wed Mar 21 18:30:37 2018       ;
; Quartus Prime Version           ; 17.1.0 Build 590 10/25/2017 SJ Lite Edition ;
; Revision Name                   ; alu                                         ;
; Top-level Entity Name           ; alu_board                                   ;
; Family                          ; Cyclone V                                   ;
; Logic utilization (in ALMs)     ; N/A                                         ;
; Total registers                 ; 0                                           ;
; Total pins                      ; 56                                          ;
; Total virtual pins              ; 0                                           ;
; Total block memory bits         ; 0                                           ;
; Total DSP Blocks                ; 0                                           ;
; Total HSSI RX PCSs              ; 0                                           ;
; Total HSSI PMA RX Deserializers ; 0                                           ;
; Total HSSI TX PCSs              ; 0                                           ;
; Total HSSI PMA TX Serializers   ; 0                                           ;
; Total PLLs                      ; 0                                           ;
; Total DLLs                      ; 0                                           ;
+---------------------------------+---------------------------------------------+


+---------------------------------------------------------------------------------------------------------------------------+
; Analysis & Synthesis Settings                                                                                             ;
+---------------------------------------------------------------------------------+--------------------+--------------------+
; Option                                                                          ; Setting            ; Default Value      ;
+---------------------------------------------------------------------------------+--------------------+--------------------+
; Device                                                                          ; 5CSEMA5F31C6       ;                    ;
; Top-level entity name                                                           ; alu_board          ; alu                ;
; Family name                                                                     ; Cyclone V          ; Cyclone V          ;
; Use smart compilation                                                           ; Off                ; Off                ;
; Enable parallel Assembler and TimeQuest Timing Analyzer during compilation      ; On                 ; On                 ;
; Enable compact report table                                                     ; Off                ; Off                ;
; Restructure Multiplexers                                                        ; Auto               ; Auto               ;
; MLAB Add Timing Constraints For Mixed-Port Feed-Through Mode Setting Don't Care ; Off                ; Off                ;
; Create Debugging Nodes for IP Cores                                             ; Off                ; Off                ;
; Preserve fewer node names                                                       ; On                 ; On                 ;
; Intel FPGA IP Evaluation Mode                                                   ; Enable             ; Enable             ;
; Verilog Version                                                                 ; Verilog_2001       ; Verilog_2001       ;
; VHDL Version                                                                    ; VHDL_1993          ; VHDL_1993          ;
; State Machine Processing                                                        ; Auto               ; Auto               ;
; Safe State Machine                                                              ; Off                ; Off                ;
; Extract Verilog State Machines                                                  ; On                 ; On                 ;
; Extract VHDL State Machines                                                     ; On                 ; On                 ;
; Ignore Verilog initial constructs                                               ; Off                ; Off                ;
; Iteration limit for constant Verilog loops                                      ; 5000               ; 5000               ;
; Iteration limit for non-constant Verilog loops                                  ; 250                ; 250                ;
; Add Pass-Through Logic to Inferred RAMs                                         ; On                 ; On                 ;
; Infer RAMs from Raw Logic                                                       ; On                 ; On                 ;
; Parallel Synthesis                                                              ; On                 ; On                 ;
; DSP Block Balancing                                                             ; Auto               ; Auto               ;
; NOT Gate Push-Back                                                              ; On                 ; On                 ;
; Power-Up Don't Care                                                             ; On                 ; On                 ;
; Remove Redundant Logic Cells                                                    ; Off                ; Off                ;
; Remove Duplicate Registers                                                      ; On                 ; On                 ;
; Ignore CARRY Buffers                                                            ; Off                ; Off                ;
; Ignore CASCADE Buffers                                                          ; Off                ; Off                ;
; Ignore GLOBAL Buffers                                                           ; Off                ; Off                ;
; Ignore ROW GLOBAL Buffers                                                       ; Off                ; Off                ;
; Ignore LCELL Buffers                                                            ; Off                ; Off                ;
; Ignore SOFT Buffers                                                             ; On                 ; On                 ;
; Limit AHDL Integers to 32 Bits                                                  ; Off                ; Off                ;
; Optimization Technique                                                          ; Balanced           ; Balanced           ;
; Carry Chain Length                                                              ; 70                 ; 70                 ;
; Auto Carry Chains                                                               ; On                 ; On                 ;
; Auto Open-Drain Pins                                                            ; On                 ; On                 ;
; Perform WYSIWYG Primitive Resynthesis                                           ; Off                ; Off                ;
; Auto ROM Replacement                                                            ; On                 ; On                 ;
; Auto RAM Replacement                                                            ; On                 ; On                 ;
; Auto DSP Block Replacement                                                      ; On                 ; On                 ;
; Auto Shift Register Replacement                                                 ; Auto               ; Auto               ;
; Allow Shift Register Merging across Hierarchies                                 ; Auto               ; Auto               ;
; Auto Clock Enable Replacement                                                   ; On                 ; On                 ;
; Strict RAM Replacement                                                          ; Off                ; Off                ;
; Allow Synchronous Control Signals                                               ; On                 ; On                 ;
; Force Use of Synchronous Clear Signals                                          ; Off                ; Off                ;
; Auto Resource Sharing                                                           ; Off                ; Off                ;
; Allow Any RAM Size For Recognition                                              ; Off                ; Off                ;
; Allow Any ROM Size For Recognition                                              ; Off                ; Off                ;
; Allow Any Shift Register Size For Recognition                                   ; Off                ; Off                ;
; Use LogicLock Constraints during Resource Balancing                             ; On                 ; On                 ;
; Ignore translate_off and synthesis_off directives                               ; Off                ; Off                ;
; Timing-Driven Synthesis                                                         ; On                 ; On                 ;
; Report Parameter Settings                                                       ; On                 ; On                 ;
; Report Source Assignments                                                       ; On                 ; On                 ;
; Report Connectivity Checks                                                      ; On                 ; On                 ;
; Ignore Maximum Fan-Out Assignments                                              ; Off                ; Off                ;
; Synchronization Register Chain Length                                           ; 3                  ; 3                  ;
; Power Optimization During Synthesis                                             ; Normal compilation ; Normal compilation ;
; HDL message level                                                               ; Level2             ; Level2             ;
; Suppress Register Optimization Related Messages                                 ; Off                ; Off                ;
; Number of Removed Registers Reported in Synthesis Report                        ; 5000               ; 5000               ;
; Number of Swept Nodes Reported in Synthesis Report                              ; 5000               ; 5000               ;
; Number of Inverted Registers Reported in Synthesis Report                       ; 100                ; 100                ;
; Clock MUX Protection                                                            ; On                 ; On                 ;
; Auto Gated Clock Conversion                                                     ; Off                ; Off                ;
; Block Design Naming                                                             ; Auto               ; Auto               ;
; SDC constraint protection                                                       ; Off                ; Off                ;
; Synthesis Effort                                                                ; Auto               ; Auto               ;
; Shift Register Replacement - Allow Asynchronous Clear Signal                    ; On                 ; On                 ;
; Pre-Mapping Resynthesis Optimization                                            ; Off                ; Off                ;
; Analysis & Synthesis Message Level                                              ; Medium             ; Medium             ;
; Disable Register Merging Across Hierarchies                                     ; Auto               ; Auto               ;
; Resource Aware Inference For Block RAM                                          ; On                 ; On                 ;
; Automatic Parallel Synthesis                                                    ; On                 ; On                 ;
; Partial Reconfiguration Bitstream ID                                            ; Off                ; Off                ;
+---------------------------------------------------------------------------------+--------------------+--------------------+


+------------------------------------------+
; Parallel Compilation                     ;
+----------------------------+-------------+
; Processors                 ; Number      ;
+----------------------------+-------------+
; Number detected on machine ; 4           ;
; Maximum allowed            ; 4           ;
;                            ;             ;
; Average used               ; 1.00        ;
; Maximum used               ; 1           ;
;                            ;             ;
; Usage by Processor         ; % Time Used ;
;     Processor 1            ; 100.0%      ;
+----------------------------+-------------+


+---------------------------------------------------------------------------------------------------------------------------------------------------------------+
; Analysis & Synthesis Source Files Read                                                                                                                        ;
+----------------------------------+-----------------+-----------------------+------------------------------------------------------------------------+---------+
; File Name with User-Entered Path ; Used in Netlist ; File Type             ; File Name with Absolute Path                                           ; Library ;
+----------------------------------+-----------------+-----------------------+------------------------------------------------------------------------+---------+
; alu_board.vhd                    ; yes             ; Auto-Found VHDL File  ; /home/ec2015/ra165457/Desktop/MC613/Lab04/Parte 2/alu_board.vhd        ;         ;
; two_comp_to_7seg.vhd             ; yes             ; Auto-Found VHDL File  ; /home/ec2015/ra165457/Desktop/MC613/Lab04/Parte 2/two_comp_to_7seg.vhd ;         ;
; alu.vhd                          ; yes             ; Auto-Found VHDL File  ; /home/ec2015/ra165457/Desktop/MC613/Lab04/Parte 2/alu.vhd              ;         ;
; ripple_carry.vhd                 ; yes             ; Auto-Found VHDL File  ; /home/ec2015/ra165457/Desktop/MC613/Lab04/Parte 2/ripple_carry.vhd     ;         ;
; full_adder.vhd                   ; yes             ; Auto-Found VHDL File  ; /home/ec2015/ra165457/Desktop/MC613/Lab04/Parte 2/full_adder.vhd       ;         ;
+----------------------------------+-----------------+-----------------------+------------------------------------------------------------------------+---------+


+-----------------------------------------------------------+
; Analysis & Synthesis Resource Usage Summary               ;
+---------------------------------------------+-------------+
; Resource                                    ; Usage       ;
+---------------------------------------------+-------------+
; Estimate of Logic utilization (ALMs needed) ; 21          ;
;                                             ;             ;
; Combinational ALUT usage for logic          ; 33          ;
;     -- 7 input functions                    ; 0           ;
;     -- 6 input functions                    ; 8           ;
;     -- 5 input functions                    ; 0           ;
;     -- 4 input functions                    ; 19          ;
;     -- <=3 input functions                  ; 6           ;
;                                             ;             ;
; Dedicated logic registers                   ; 0           ;
;                                             ;             ;
; I/O pins                                    ; 56          ;
;                                             ;             ;
; Total DSP Blocks                            ; 0           ;
;                                             ;             ;
; Maximum fan-out node                        ; SW[4]~input ;
; Maximum fan-out                             ; 13          ;
; Total fan-out                               ; 226         ;
; Average fan-out                             ; 1.56        ;
+---------------------------------------------+-------------+


+-----------------------------------------------------------------------------------------------------------------------------------------------------------------------------------------------------------------------------------------------------+
; Analysis & Synthesis Resource Utilization by Entity                                                                                                                                                                                                 ;
+-----------------------------------+---------------------+---------------------------+-------------------+------------+------+--------------+----------------------------------------------------------------------+------------------+--------------+
; Compilation Hierarchy Node        ; Combinational ALUTs ; Dedicated Logic Registers ; Block Memory Bits ; DSP Blocks ; Pins ; Virtual Pins ; Full Hierarchy Name                                                  ; Entity Name      ; Library Name ;
+-----------------------------------+---------------------+---------------------------+-------------------+------------+------+--------------+----------------------------------------------------------------------+------------------+--------------+
; |alu_board                        ; 33 (0)              ; 0 (0)                     ; 0                 ; 0          ; 56   ; 0            ; |alu_board                                                           ; alu_board        ; work         ;
;    |alu:faz_os_baguio|            ; 12 (8)              ; 0 (0)                     ; 0                 ; 0          ; 0    ; 0            ; |alu_board|alu:faz_os_baguio                                         ; alu              ; work         ;
;       |ripple_carry:add|          ; 2 (0)               ; 0 (0)                     ; 0                 ; 0          ; 0    ; 0            ; |alu_board|alu:faz_os_baguio|ripple_carry:add                        ; ripple_carry     ; work         ;
;          |full_adder:\G1:1:adder| ; 1 (1)               ; 0 (0)                     ; 0                 ; 0          ; 0    ; 0            ; |alu_board|alu:faz_os_baguio|ripple_carry:add|full_adder:\G1:1:adder ; full_adder       ; work         ;
;          |full_adder:\G1:2:adder| ; 1 (1)               ; 0 (0)                     ; 0                 ; 0          ; 0    ; 0            ; |alu_board|alu:faz_os_baguio|ripple_carry:add|full_adder:\G1:2:adder ; full_adder       ; work         ;
;       |ripple_carry:sub|          ; 2 (0)               ; 0 (0)                     ; 0                 ; 0          ; 0    ; 0            ; |alu_board|alu:faz_os_baguio|ripple_carry:sub                        ; ripple_carry     ; work         ;
;          |full_adder:\G1:1:adder| ; 1 (1)               ; 0 (0)                     ; 0                 ; 0          ; 0    ; 0            ; |alu_board|alu:faz_os_baguio|ripple_carry:sub|full_adder:\G1:1:adder ; full_adder       ; work         ;
;          |full_adder:\G1:2:adder| ; 1 (1)               ; 0 (0)                     ; 0                 ; 0          ; 0    ; 0            ; |alu_board|alu:faz_os_baguio|ripple_carry:sub|full_adder:\G1:2:adder ; full_adder       ; work         ;
;    |two_comp_to_7seg:liga_A|      ; 7 (7)               ; 0 (0)                     ; 0                 ; 0          ; 0    ; 0            ; |alu_board|two_comp_to_7seg:liga_A                                   ; two_comp_to_7seg ; work         ;
;    |two_comp_to_7seg:liga_B|      ; 7 (7)               ; 0 (0)                     ; 0                 ; 0          ; 0    ; 0            ; |alu_board|two_comp_to_7seg:liga_B                                   ; two_comp_to_7seg ; work         ;
;    |two_comp_to_7seg:liga_F|      ; 7 (7)               ; 0 (0)                     ; 0                 ; 0          ; 0    ; 0            ; |alu_board|two_comp_to_7seg:liga_F                                   ; two_comp_to_7seg ; work         ;
+-----------------------------------+---------------------+---------------------------+-------------------+------------+------+--------------+----------------------------------------------------------------------+------------------+--------------+
Note: For table entries with two numbers listed, the numbers in parentheses indicate the number of resources of the given type used by the specific entity alone. The numbers listed outside of parentheses indicate the total resources of the given type used by the specific entity and all of its sub-entities in the hierarchy.


+------------------------------------------------------+
; General Register Statistics                          ;
+----------------------------------------------+-------+
; Statistic                                    ; Value ;
+----------------------------------------------+-------+
; Total registers                              ; 0     ;
; Number of registers using Synchronous Clear  ; 0     ;
; Number of registers using Synchronous Load   ; 0     ;
; Number of registers using Asynchronous Clear ; 0     ;
; Number of registers using Asynchronous Load  ; 0     ;
; Number of registers using Clock Enable       ; 0     ;
; Number of registers using Preset             ; 0     ;
+----------------------------------------------+-------+


+-------------------------------------------------------------------------------------------------------------------------------------------------+
; Multiplexer Restructuring Statistics (Restructuring Performed)                                                                                  ;
+--------------------+-----------+---------------+----------------------+------------------------+------------+-----------------------------------+
; Multiplexer Inputs ; Bus Width ; Baseline Area ; Area if Restructured ; Saving if Restructured ; Registered ; Example Multiplexer Output        ;
+--------------------+-----------+---------------+----------------------+------------------------+------------+-----------------------------------+
; 4:1                ; 2 bits    ; 4 LEs         ; 4 LEs                ; 0 LEs                  ; No         ; |alu_board|alu:faz_os_baguio|Mux5 ;
; 4:1                ; 2 bits    ; 4 LEs         ; 4 LEs                ; 0 LEs                  ; No         ; |alu_board|alu:faz_os_baguio|Mux1 ;
+--------------------+-----------+---------------+----------------------+------------------------+------------+-----------------------------------+


+---------------------------------------------------------------------------------+
; Parameter Settings for User Entity Instance: alu:faz_os_baguio|ripple_carry:add ;
+----------------+-------+--------------------------------------------------------+
; Parameter Name ; Value ; Type                                                   ;
+----------------+-------+--------------------------------------------------------+
; n              ; 4     ; Signed Integer                                         ;
+----------------+-------+--------------------------------------------------------+
Note: In order to hide this table in the UI and the text report file, please set the "Show Parameter Settings in Synthesis Report" option in "Analysis and Synthesis Settings -> More Settings" to "Off".


+---------------------------------------------------------------------------------+
; Parameter Settings for User Entity Instance: alu:faz_os_baguio|ripple_carry:sub ;
+----------------+-------+--------------------------------------------------------+
; Parameter Name ; Value ; Type                                                   ;
+----------------+-------+--------------------------------------------------------+
; n              ; 4     ; Signed Integer                                         ;
+----------------+-------+--------------------------------------------------------+
Note: In order to hide this table in the UI and the text report file, please set the "Show Parameter Settings in Synthesis Report" option in "Analysis and Synthesis Settings -> More Settings" to "Off".


+----------------------------------------------------------------+
; Port Connectivity Checks: "alu:faz_os_baguio|ripple_carry:sub" ;
+------+-------+----------+--------------------------------------+
; Port ; Type  ; Severity ; Details                              ;
+------+-------+----------+--------------------------------------+
; cin  ; Input ; Info     ; Stuck at VCC                         ;
+------+-------+----------+--------------------------------------+


+----------------------------------------------------------------+
; Port Connectivity Checks: "alu:faz_os_baguio|ripple_carry:add" ;
+------+-------+----------+--------------------------------------+
; Port ; Type  ; Severity ; Details                              ;
+------+-------+----------+--------------------------------------+
; cin  ; Input ; Info     ; Stuck at GND                         ;
+------+-------+----------+--------------------------------------+


+-----------------------------------------------------+
; Post-Synthesis Netlist Statistics for Top Partition ;
+-----------------------+-----------------------------+
; Type                  ; Count                       ;
+-----------------------+-----------------------------+
; arriav_lcell_comb     ; 40                          ;
;     normal            ; 40                          ;
;         0 data inputs ; 1                           ;
;         1 data inputs ; 6                           ;
;         3 data inputs ; 6                           ;
;         4 data inputs ; 19                          ;
;         6 data inputs ; 8                           ;
; boundary_port         ; 56                          ;
;                       ;                             ;
; Max LUT depth         ; 4.00                        ;
; Average LUT depth     ; 2.52                        ;
+-----------------------+-----------------------------+


+-------------------------------+
; Elapsed Time Per Partition    ;
+----------------+--------------+
; Partition Name ; Elapsed Time ;
+----------------+--------------+
; Top            ; 00:00:00     ;
+----------------+--------------+


+-------------------------------+
; Analysis & Synthesis Messages ;
+-------------------------------+
Info: *******************************************************************
Info: Running Quartus Prime Analysis & Synthesis
    Info: Version 17.1.0 Build 590 10/25/2017 SJ Lite Edition
    Info: Processing started: Wed Mar 21 18:30:25 2018
Info: Command: quartus_map --read_settings_files=on --write_settings_files=off alu -c alu
Warning (18236): Number of processors has not been specified which may cause overloading on shared machines.  Set the global assignment NUM_PARALLEL_PROCESSORS in your QSF to an appropriate value for best performance.
Info (20030): Parallel compilation is enabled and will use 4 of the 4 processors detected
Warning (12019): Can't analyze file -- file alu_modified.vhd is missing
Warning (12125): Using design file alu_board.vhd, which is not specified as a design file for the current project, but contains definitions for 2 design units and 1 entities in project
    Info (12022): Found design unit 1: alu_board-behavioral File: /home/ec2015/ra165457/Desktop/MC613/Lab04/Parte 2/alu_board.vhd Line: 12
    Info (12023): Found entity 1: alu_board File: /home/ec2015/ra165457/Desktop/MC613/Lab04/Parte 2/alu_board.vhd Line: 4
Info (12127): Elaborating entity "alu_board" for the top level hierarchy
Warning (12125): Using design file two_comp_to_7seg.vhd, which is not specified as a design file for the current project, but contains definitions for 2 design units and 1 entities in project
    Info (12022): Found design unit 1: two_comp_to_7seg-behavioral File: /home/ec2015/ra165457/Desktop/MC613/Lab04/Parte 2/two_comp_to_7seg.vhd Line: 12
    Info (12023): Found entity 1: two_comp_to_7seg File: /home/ec2015/ra165457/Desktop/MC613/Lab04/Parte 2/two_comp_to_7seg.vhd Line: 4
Info (12128): Elaborating entity "two_comp_to_7seg" for hierarchy "two_comp_to_7seg:liga_A" File: /home/ec2015/ra165457/Desktop/MC613/Lab04/Parte 2/alu_board.vhd Line: 36
Warning (12125): Using design file alu.vhd, which is not specified as a design file for the current project, but contains definitions for 2 design units and 1 entities in project
    Info (12022): Found design unit 1: alu-behavioral File: /home/ec2015/ra165457/Desktop/MC613/Lab04/Parte 2/alu.vhd Line: 13
    Info (12023): Found entity 1: alu File: /home/ec2015/ra165457/Desktop/MC613/Lab04/Parte 2/alu.vhd Line: 4
Info (12128): Elaborating entity "alu" for hierarchy "alu:faz_os_baguio" File: /home/ec2015/ra165457/Desktop/MC613/Lab04/Parte 2/alu_board.vhd Line: 44
Warning (12125): Using design file ripple_carry.vhd, which is not specified as a design file for the current project, but contains definitions for 2 design units and 1 entities in project
    Info (12022): Found design unit 1: ripple_carry-rtl File: /home/ec2015/ra165457/Desktop/MC613/Lab04/Parte 2/ripple_carry.vhd Line: 17
    Info (12023): Found entity 1: ripple_carry File: /home/ec2015/ra165457/Desktop/MC613/Lab04/Parte 2/ripple_carry.vhd Line: 4
Info (12128): Elaborating entity "ripple_carry" for hierarchy "alu:faz_os_baguio|ripple_carry:add" File: /home/ec2015/ra165457/Desktop/MC613/Lab04/Parte 2/alu.vhd Line: 32
Warning (12125): Using design file full_adder.vhd, which is not specified as a design file for the current project, but contains definitions for 2 design units and 1 entities in project
    Info (12022): Found design unit 1: full_adder-structural File: /home/ec2015/ra165457/Desktop/MC613/Lab04/Parte 2/full_adder.vhd Line: 13
    Info (12023): Found entity 1: full_adder File: /home/ec2015/ra165457/Desktop/MC613/Lab04/Parte 2/full_adder.vhd Line: 4
Info (12128): Elaborating entity "full_adder" for hierarchy "alu:faz_os_baguio|ripple_carry:add|full_adder:\G1:0:adder" File: /home/ec2015/ra165457/Desktop/MC613/Lab04/Parte 2/ripple_carry.vhd Line: 32
Warning (13024): Output pins are stuck at VCC or GND
    Warning (13410): Pin "HEX5[0]" is stuck at VCC File: /home/ec2015/ra165457/Desktop/MC613/Lab04/Parte 2/alu_board.vhd Line: 7
    Warning (13410): Pin "HEX5[1]" is stuck at VCC File: /home/ec2015/ra165457/Desktop/MC613/Lab04/Parte 2/alu_board.vhd Line: 7
    Warning (13410): Pin "HEX5[2]" is stuck at VCC File: /home/ec2015/ra165457/Desktop/MC613/Lab04/Parte 2/alu_board.vhd Line: 7
    Warning (13410): Pin "HEX5[3]" is stuck at VCC File: /home/ec2015/ra165457/Desktop/MC613/Lab04/Parte 2/alu_board.vhd Line: 7
    Warning (13410): Pin "HEX5[4]" is stuck at VCC File: /home/ec2015/ra165457/Desktop/MC613/Lab04/Parte 2/alu_board.vhd Line: 7
    Warning (13410): Pin "HEX5[5]" is stuck at VCC File: /home/ec2015/ra165457/Desktop/MC613/Lab04/Parte 2/alu_board.vhd Line: 7
    Warning (13410): Pin "HEX3[0]" is stuck at VCC File: /home/ec2015/ra165457/Desktop/MC613/Lab04/Parte 2/alu_board.vhd Line: 7
    Warning (13410): Pin "HEX3[1]" is stuck at VCC File: /home/ec2015/ra165457/Desktop/MC613/Lab04/Parte 2/alu_board.vhd Line: 7
    Warning (13410): Pin "HEX3[2]" is stuck at VCC File: /home/ec2015/ra165457/Desktop/MC613/Lab04/Parte 2/alu_board.vhd Line: 7
    Warning (13410): Pin "HEX3[3]" is stuck at VCC File: /home/ec2015/ra165457/Desktop/MC613/Lab04/Parte 2/alu_board.vhd Line: 7
    Warning (13410): Pin "HEX3[4]" is stuck at VCC File: /home/ec2015/ra165457/Desktop/MC613/Lab04/Parte 2/alu_board.vhd Line: 7
    Warning (13410): Pin "HEX3[5]" is stuck at VCC File: /home/ec2015/ra165457/Desktop/MC613/Lab04/Parte 2/alu_board.vhd Line: 7
    Warning (13410): Pin "HEX1[0]" is stuck at VCC File: /home/ec2015/ra165457/Desktop/MC613/Lab04/Parte 2/alu_board.vhd Line: 7
    Warning (13410): Pin "HEX1[1]" is stuck at VCC File: /home/ec2015/ra165457/Desktop/MC613/Lab04/Parte 2/alu_board.vhd Line: 7
    Warning (13410): Pin "HEX1[2]" is stuck at VCC File: /home/ec2015/ra165457/Desktop/MC613/Lab04/Parte 2/alu_board.vhd Line: 7
    Warning (13410): Pin "HEX1[3]" is stuck at VCC File: /home/ec2015/ra165457/Desktop/MC613/Lab04/Parte 2/alu_board.vhd Line: 7
    Warning (13410): Pin "HEX1[4]" is stuck at VCC File: /home/ec2015/ra165457/Desktop/MC613/Lab04/Parte 2/alu_board.vhd Line: 7
    Warning (13410): Pin "HEX1[5]" is stuck at VCC File: /home/ec2015/ra165457/Desktop/MC613/Lab04/Parte 2/alu_board.vhd Line: 7
Info (286030): Timing-Driven Synthesis is running
Info (16010): Generating hard_block partition "hard_block:auto_generated_inst"
    Info (16011): Adding 0 node(s), including 0 DDIO, 0 PLL, 0 transceiver and 0 LCELL
Info (21057): Implemented 89 device resources after synthesis - the final resource count might be different
    Info (21058): Implemented 10 input pins
    Info (21059): Implemented 46 output pins
    Info (21061): Implemented 33 logic cells
Info: Quartus Prime Analysis & Synthesis was successful. 0 errors, 26 warnings
    Info: Peak virtual memory: 1170 megabytes
    Info: Processing ended: Wed Mar 21 18:30:37 2018
    Info: Elapsed time: 00:00:12
    Info: Total CPU time (on all processors): 00:00:24


